cat: /proc/9/io: Permission denied
     1	sqlservr (9, #threads: 19)
     2	-------------------------------------------------------------------
     3	se.exec_start                                :      54725809.924712
     4	se.vruntime                                  :            81.814304
     5	se.sum_exec_runtime                          :            43.088747
     6	se.nr_migrations                             :                    0
     7	nr_switches                                  :                   12
     8	nr_voluntary_switches                        :                   10
     9	nr_involuntary_switches                      :                    2
    10	se.load.weight                               :              1048576
    11	se.runnable_weight                           :              1048576
    12	se.avg.load_sum                              :                  307
    13	se.avg.runnable_load_sum                     :                  307
    14	se.avg.util_sum                              :               268545
    15	se.avg.load_avg                              :                    2
    16	se.avg.runnable_load_avg                     :                    2
    17	se.avg.util_avg                              :                    1
    18	se.avg.last_update_time                      :       54725809924096
    19	se.avg.util_est.ewma                         :                  326
    20	se.avg.util_est.enqueued                     :                    1
    21	policy                                       :                    0
    22	prio                                         :                  120
    23	clock-delta                                  :                   10
cat: /proc/9/stack: Permission denied
     1	Name:	sqlservr
     2	Umask:	0022
     3	State:	T (stopped)
     4	Tgid:	9
     5	Ngid:	0
     6	Pid:	9
     7	PPid:	1
     8	TracerPid:	0
     9	Uid:	10001	10001	10001	10001
    10	Gid:	0	0	0	0
    11	FDSize:	64
    12	Groups:	 
    13	NStgid:	9
    14	NSpid:	9
    15	NSpgid:	1
    16	NSsid:	1
    17	VmPeak:	  360728 kB
    18	VmSize:	  360600 kB
    19	VmLck:	       0 kB
    20	VmPin:	       0 kB
    21	VmHWM:	  108152 kB
    22	VmRSS:	  108128 kB
    23	RssAnon:	   95536 kB
    24	RssFile:	   12592 kB
    25	RssShmem:	       0 kB
    26	VmData:	  201080 kB
    27	VmStk:	     132 kB
    28	VmExe:	    2052 kB
    29	VmLib:	   22064 kB
    30	VmPTE:	     828 kB
    31	VmSwap:	       0 kB
    32	HugetlbPages:	       0 kB
    33	CoreDumping:	0
    34	Threads:	19
    35	SigQ:	2/50951
    36	SigPnd:	0000000000000000
    37	ShdPnd:	0000000000000200
    38	SigBlk:	0000000600005007
    39	SigIgn:	0000000000000000
    40	SigCgt:	00000001c1808ef8
    41	CapInh:	00000000a80425fb
    42	CapPrm:	0000000000000400
    43	CapEff:	0000000000000400
    44	CapBnd:	00000000a80425fb
    45	CapAmb:	0000000000000000
    46	NoNewPrivs:	0
    47	Seccomp:	2
    48	Speculation_Store_Bypass:	thread force mitigated
    49	Cpus_allowed:	fff
    50	Cpus_allowed_list:	0-11
    51	Mems_allowed:	1
    52	Mems_allowed_list:	0
    53	voluntary_ctxt_switches:	10
    54	nonvoluntary_ctxt_switches:	2
cat: /proc/9/task/10/io: Permission denied
     1	sqlservr (10, #threads: 19)
     2	-------------------------------------------------------------------
     3	se.exec_start                                :      54725809.927242
     4	se.vruntime                                  :            28.779614
     5	se.sum_exec_runtime                          :             0.235090
     6	se.nr_migrations                             :                    0
     7	nr_switches                                  :                    3
     8	nr_voluntary_switches                        :                    3
     9	nr_involuntary_switches                      :                    0
    10	se.load.weight                               :              1048576
    11	se.runnable_weight                           :              1048576
    12	se.avg.load_sum                              :                  218
    13	se.avg.runnable_load_sum                     :                  218
    14	se.avg.util_sum                              :               175418
    15	se.avg.load_avg                              :                    0
    16	se.avg.runnable_load_avg                     :                    0
    17	se.avg.util_avg                              :                    0
    18	se.avg.last_update_time                      :       54725809927168
    19	se.avg.util_est.ewma                         :                  167
    20	se.avg.util_est.enqueued                     :                    1
    21	policy                                       :                    0
    22	prio                                         :                  120
    23	clock-delta                                  :                   30
cat: /proc/9/task/10/stack: Permission denied
     1	Name:	sqlservr
     2	Umask:	0022
     3	State:	T (stopped)
     4	Tgid:	9
     5	Ngid:	0
     6	Pid:	10
     7	PPid:	1
     8	TracerPid:	0
     9	Uid:	10001	10001	10001	10001
    10	Gid:	0	0	0	0
    11	FDSize:	64
    12	Groups:	 
    13	NStgid:	9
    14	NSpid:	10
    15	NSpgid:	1
    16	NSsid:	1
    17	VmPeak:	  360728 kB
    18	VmSize:	  360600 kB
    19	VmLck:	       0 kB
    20	VmPin:	       0 kB
    21	VmHWM:	  108152 kB
    22	VmRSS:	  108128 kB
    23	RssAnon:	   95536 kB
    24	RssFile:	   12592 kB
    25	RssShmem:	       0 kB
    26	VmData:	  201080 kB
    27	VmStk:	     132 kB
    28	VmExe:	    2052 kB
    29	VmLib:	   22064 kB
    30	VmPTE:	     828 kB
    31	VmSwap:	       0 kB
    32	HugetlbPages:	       0 kB
    33	CoreDumping:	0
    34	Threads:	19
    35	SigQ:	2/50951
    36	SigPnd:	0000000000000000
    37	ShdPnd:	0000000000000200
    38	SigBlk:	0000000600005007
    39	SigIgn:	0000000000000000
    40	SigCgt:	00000001c1808ef8
    41	CapInh:	00000000a80425fb
    42	CapPrm:	0000000000000400
    43	CapEff:	0000000000000400
    44	CapBnd:	00000000a80425fb
    45	CapAmb:	0000000000000000
    46	NoNewPrivs:	0
    47	Seccomp:	2
    48	Speculation_Store_Bypass:	thread force mitigated
    49	Cpus_allowed:	fff
    50	Cpus_allowed_list:	0-11
    51	Mems_allowed:	1
    52	Mems_allowed_list:	0
    53	voluntary_ctxt_switches:	3
    54	nonvoluntary_ctxt_switches:	0
cat: /proc/9/task/11/io: Permission denied
     1	sqlservr (11, #threads: 19)
     2	-------------------------------------------------------------------
     3	se.exec_start                                :      54725809.940212
     4	se.vruntime                                  :            12.030909
     5	se.sum_exec_runtime                          :             0.208170
     6	se.nr_migrations                             :                    0
     7	nr_switches                                  :                    3
     8	nr_voluntary_switches                        :                    3
     9	nr_involuntary_switches                      :                    0
    10	se.load.weight                               :              1048576
    11	se.runnable_weight                           :              1048576
    12	se.avg.load_sum                              :                  253
    13	se.avg.runnable_load_sum                     :                  253
    14	se.avg.util_sum                              :               208956
    15	se.avg.load_avg                              :                    0
    16	se.avg.runnable_load_avg                     :                    0
    17	se.avg.util_avg                              :                    0
    18	se.avg.last_update_time                      :       54725809939456
    19	se.avg.util_est.ewma                         :                   96
    20	se.avg.util_est.enqueued                     :                    1
    21	policy                                       :                    0
    22	prio                                         :                  120
    23	clock-delta                                  :                   30
cat: /proc/9/task/11/stack: Permission denied
     1	Name:	sqlservr
     2	Umask:	0022
     3	State:	T (stopped)
     4	Tgid:	9
     5	Ngid:	0
     6	Pid:	11
     7	PPid:	1
     8	TracerPid:	0
     9	Uid:	10001	10001	10001	10001
    10	Gid:	0	0	0	0
    11	FDSize:	64
    12	Groups:	 
    13	NStgid:	9
    14	NSpid:	11
    15	NSpgid:	1
    16	NSsid:	1
    17	VmPeak:	  360728 kB
    18	VmSize:	  360600 kB
    19	VmLck:	       0 kB
    20	VmPin:	       0 kB
    21	VmHWM:	  108152 kB
    22	VmRSS:	  108128 kB
    23	RssAnon:	   95536 kB
    24	RssFile:	   12592 kB
    25	RssShmem:	       0 kB
    26	VmData:	  201080 kB
    27	VmStk:	     132 kB
    28	VmExe:	    2052 kB
    29	VmLib:	   22064 kB
    30	VmPTE:	     828 kB
    31	VmSwap:	       0 kB
    32	HugetlbPages:	       0 kB
    33	CoreDumping:	0
    34	Threads:	19
    35	SigQ:	2/50951
    36	SigPnd:	0000000000000000
    37	ShdPnd:	0000000000000200
    38	SigBlk:	0000000600005007
    39	SigIgn:	0000000000000000
    40	SigCgt:	00000001c1808ef8
    41	CapInh:	00000000a80425fb
    42	CapPrm:	0000000000000400
    43	CapEff:	0000000000000400
    44	CapBnd:	00000000a80425fb
    45	CapAmb:	0000000000000000
    46	NoNewPrivs:	0
    47	Seccomp:	2
    48	Speculation_Store_Bypass:	thread force mitigated
    49	Cpus_allowed:	fff
    50	Cpus_allowed_list:	0-11
    51	Mems_allowed:	1
    52	Mems_allowed_list:	0
    53	voluntary_ctxt_switches:	3
    54	nonvoluntary_ctxt_switches:	0
cat: /proc/9/task/12/io: Permission denied
     1	sqlservr (12, #threads: 19)
     2	-------------------------------------------------------------------
     3	se.exec_start                                :      54725809.934682
     4	se.vruntime                                  :            11.265958
     5	se.sum_exec_runtime                          :             0.193930
     6	se.nr_migrations                             :                    0
     7	nr_switches                                  :                    3
     8	nr_voluntary_switches                        :                    3
     9	nr_involuntary_switches                      :                    0
    10	se.load.weight                               :              1048576
    11	se.runnable_weight                           :              1048576
    12	se.avg.load_sum                              :                  223
    13	se.avg.runnable_load_sum                     :                  223
    14	se.avg.util_sum                              :               166713
    15	se.avg.load_avg                              :                    1
    16	se.avg.runnable_load_avg                     :                    1
    17	se.avg.util_avg                              :                    0
    18	se.avg.last_update_time                      :       54725809934336
    19	se.avg.util_est.ewma                         :                   72
    20	se.avg.util_est.enqueued                     :                    1
    21	policy                                       :                    0
    22	prio                                         :                  120
    23	clock-delta                                  :                   50
cat: /proc/9/task/12/stack: Permission denied
     1	Name:	sqlservr
     2	Umask:	0022
     3	State:	T (stopped)
     4	Tgid:	9
     5	Ngid:	0
     6	Pid:	12
     7	PPid:	1
     8	TracerPid:	0
     9	Uid:	10001	10001	10001	10001
    10	Gid:	0	0	0	0
    11	FDSize:	64
    12	Groups:	 
    13	NStgid:	9
    14	NSpid:	12
    15	NSpgid:	1
    16	NSsid:	1
    17	VmPeak:	  360728 kB
    18	VmSize:	  360600 kB
    19	VmLck:	       0 kB
    20	VmPin:	       0 kB
    21	VmHWM:	  108152 kB
    22	VmRSS:	  108128 kB
    23	RssAnon:	   95536 kB
    24	RssFile:	   12592 kB
    25	RssShmem:	       0 kB
    26	VmData:	  201080 kB
    27	VmStk:	     132 kB
    28	VmExe:	    2052 kB
    29	VmLib:	   22064 kB
    30	VmPTE:	     828 kB
    31	VmSwap:	       0 kB
    32	HugetlbPages:	       0 kB
    33	CoreDumping:	0
    34	Threads:	19
    35	SigQ:	2/50951
    36	SigPnd:	0000000000000000
    37	ShdPnd:	0000000000000200
    38	SigBlk:	0000000600005007
    39	SigIgn:	0000000000000000
    40	SigCgt:	00000001c1808ef8
    41	CapInh:	00000000a80425fb
    42	CapPrm:	0000000000000400
    43	CapEff:	0000000000000400
    44	CapBnd:	00000000a80425fb
    45	CapAmb:	0000000000000000
    46	NoNewPrivs:	0
    47	Seccomp:	2
    48	Speculation_Store_Bypass:	thread force mitigated
    49	Cpus_allowed:	fff
    50	Cpus_allowed_list:	0-11
    51	Mems_allowed:	1
    52	Mems_allowed_list:	0
    53	voluntary_ctxt_switches:	3
    54	nonvoluntary_ctxt_switches:	0
cat: /proc/9/task/13/io: Permission denied
     1	sqlservr (13, #threads: 19)
     2	-------------------------------------------------------------------
     3	se.exec_start                                :      54725809.935912
     4	se.vruntime                                  :            31.418068
     5	se.sum_exec_runtime                          :           182.223216
     6	se.nr_migrations                             :                    2
     7	nr_switches                                  :                  879
     8	nr_voluntary_switches                        :                  878
     9	nr_involuntary_switches                      :                    1
    10	se.load.weight                               :              1048576
    11	se.runnable_weight                           :              1048576
    12	se.avg.load_sum                              :                12175
    13	se.avg.runnable_load_sum                     :                12175
    14	se.avg.util_sum                              :             12378621
    15	se.avg.load_avg                              :                  263
    16	se.avg.runnable_load_avg                     :                  263
    17	se.avg.util_avg                              :                  261
    18	se.avg.last_update_time                      :       54725809935360
    19	se.avg.util_est.ewma                         :                  280
    20	se.avg.util_est.enqueued                     :                  261
    21	policy                                       :                    0
    22	prio                                         :                  120
    23	clock-delta                                  :                   30
cat: /proc/9/task/13/stack: Permission denied
     1	Name:	sqlservr
     2	Umask:	0022
     3	State:	T (stopped)
     4	Tgid:	9
     5	Ngid:	0
     6	Pid:	13
     7	PPid:	1
     8	TracerPid:	0
     9	Uid:	10001	10001	10001	10001
    10	Gid:	0	0	0	0
    11	FDSize:	64
    12	Groups:	 
    13	NStgid:	9
    14	NSpid:	13
    15	NSpgid:	1
    16	NSsid:	1
    17	VmPeak:	  360728 kB
    18	VmSize:	  360600 kB
    19	VmLck:	       0 kB
    20	VmPin:	       0 kB
    21	VmHWM:	  108152 kB
    22	VmRSS:	  108128 kB
    23	RssAnon:	   95536 kB
    24	RssFile:	   12592 kB
    25	RssShmem:	       0 kB
    26	VmData:	  201080 kB
    27	VmStk:	     132 kB
    28	VmExe:	    2052 kB
    29	VmLib:	   22064 kB
    30	VmPTE:	     828 kB
    31	VmSwap:	       0 kB
    32	HugetlbPages:	       0 kB
    33	CoreDumping:	0
    34	Threads:	19
    35	SigQ:	2/50951
    36	SigPnd:	0000000000000000
    37	ShdPnd:	0000000000000200
    38	SigBlk:	0000000600005007
    39	SigIgn:	0000000000000000
    40	SigCgt:	00000001c1808ef8
    41	CapInh:	00000000a80425fb
    42	CapPrm:	0000000000000400
    43	CapEff:	0000000000000400
    44	CapBnd:	00000000a80425fb
    45	CapAmb:	0000000000000000
    46	NoNewPrivs:	0
    47	Seccomp:	2
    48	Speculation_Store_Bypass:	thread force mitigated
    49	Cpus_allowed:	fff
    50	Cpus_allowed_list:	0-11
    51	Mems_allowed:	1
    52	Mems_allowed_list:	0
    53	voluntary_ctxt_switches:	878
    54	nonvoluntary_ctxt_switches:	1
cat: /proc/9/task/14/io: Permission denied
     1	sqlservr (14, #threads: 19)
     2	-------------------------------------------------------------------
     3	se.exec_start                                :      54725809.934172
     4	se.vruntime                                  :           128.601391
     5	se.sum_exec_runtime                          :             2.608637
     6	se.nr_migrations                             :                    2
     7	nr_switches                                  :                   60
     8	nr_voluntary_switches                        :                   60
     9	nr_involuntary_switches                      :                    0
    10	se.load.weight                               :              1048576
    11	se.runnable_weight                           :              1048576
    12	se.avg.load_sum                              :                  844
    13	se.avg.runnable_load_sum                     :                  844
    14	se.avg.util_sum                              :               676484
    15	se.avg.load_avg                              :                   16
    16	se.avg.runnable_load_avg                     :                   16
    17	se.avg.util_avg                              :                   12
    18	se.avg.last_update_time                      :       54725809925120
    19	se.avg.util_est.ewma                         :                   20
    20	se.avg.util_est.enqueued                     :                   12
    21	policy                                       :                    0
    22	prio                                         :                  120
    23	clock-delta                                  :                   20
cat: /proc/9/task/14/stack: Permission denied
     1	Name:	sqlservr
     2	Umask:	0022
     3	State:	T (stopped)
     4	Tgid:	9
     5	Ngid:	0
     6	Pid:	14
     7	PPid:	1
     8	TracerPid:	0
     9	Uid:	10001	10001	10001	10001
    10	Gid:	0	0	0	0
    11	FDSize:	64
    12	Groups:	 
    13	NStgid:	9
    14	NSpid:	14
    15	NSpgid:	1
    16	NSsid:	1
    17	VmPeak:	  360728 kB
    18	VmSize:	  360600 kB
    19	VmLck:	       0 kB
    20	VmPin:	       0 kB
    21	VmHWM:	  108152 kB
    22	VmRSS:	  108128 kB
    23	RssAnon:	   95536 kB
    24	RssFile:	   12592 kB
    25	RssShmem:	       0 kB
    26	VmData:	  201080 kB
    27	VmStk:	     132 kB
    28	VmExe:	    2052 kB
    29	VmLib:	   22064 kB
    30	VmPTE:	     828 kB
    31	VmSwap:	       0 kB
    32	HugetlbPages:	       0 kB
    33	CoreDumping:	0
    34	Threads:	19
    35	SigQ:	2/50951
    36	SigPnd:	0000000000000000
    37	ShdPnd:	0000000000000200
    38	SigBlk:	0000000600005007
    39	SigIgn:	0000000000000000
    40	SigCgt:	00000001c1808ef8
    41	CapInh:	00000000a80425fb
    42	CapPrm:	0000000000000400
    43	CapEff:	0000000000000400
    44	CapBnd:	00000000a80425fb
    45	CapAmb:	0000000000000000
    46	NoNewPrivs:	0
    47	Seccomp:	2
    48	Speculation_Store_Bypass:	thread force mitigated
    49	Cpus_allowed:	fff
    50	Cpus_allowed_list:	0-11
    51	Mems_allowed:	1
    52	Mems_allowed_list:	0
    53	voluntary_ctxt_switches:	60
    54	nonvoluntary_ctxt_switches:	0
cat: /proc/9/task/15/io: Permission denied
     1	sqlservr (15, #threads: 19)
     2	-------------------------------------------------------------------
     3	se.exec_start                                :      54725809.930792
     4	se.vruntime                                  :            16.709986
     5	se.sum_exec_runtime                          :             0.214780
     6	se.nr_migrations                             :                    1
     7	nr_switches                                  :                    2
     8	nr_voluntary_switches                        :                    2
     9	nr_involuntary_switches                      :                    0
    10	se.load.weight                               :              1048576
    11	se.runnable_weight                           :              1048576
    12	se.avg.load_sum                              :                  414
    13	se.avg.runnable_load_sum                     :                  414
    14	se.avg.util_sum                              :               210641
    15	se.avg.load_avg                              :                    7
    16	se.avg.runnable_load_avg                     :                    7
    17	se.avg.util_avg                              :                    3
    18	se.avg.last_update_time                      :       54725809924096
    19	se.avg.util_est.ewma                         :                  128
    20	se.avg.util_est.enqueued                     :                  513
    21	policy                                       :                    0
    22	prio                                         :                  120
    23	clock-delta                                  :                   60
cat: /proc/9/task/15/stack: Permission denied
     1	Name:	sqlservr
     2	Umask:	0022
     3	State:	T (stopped)
     4	Tgid:	9
     5	Ngid:	0
     6	Pid:	15
     7	PPid:	1
     8	TracerPid:	0
     9	Uid:	10001	10001	10001	10001
    10	Gid:	0	0	0	0
    11	FDSize:	64
    12	Groups:	 
    13	NStgid:	9
    14	NSpid:	15
    15	NSpgid:	1
    16	NSsid:	1
    17	VmPeak:	  360728 kB
    18	VmSize:	  360600 kB
    19	VmLck:	       0 kB
    20	VmPin:	       0 kB
    21	VmHWM:	  108152 kB
    22	VmRSS:	  108128 kB
    23	RssAnon:	   95536 kB
    24	RssFile:	   12592 kB
    25	RssShmem:	       0 kB
    26	VmData:	  201080 kB
    27	VmStk:	     132 kB
    28	VmExe:	    2052 kB
    29	VmLib:	   22064 kB
    30	VmPTE:	     828 kB
    31	VmSwap:	       0 kB
    32	HugetlbPages:	       0 kB
    33	CoreDumping:	0
    34	Threads:	19
    35	SigQ:	2/50951
    36	SigPnd:	0000000000000000
    37	ShdPnd:	0000000000000200
    38	SigBlk:	0000000600005007
    39	SigIgn:	0000000000000000
    40	SigCgt:	00000001c1808ef8
    41	CapInh:	00000000a80425fb
    42	CapPrm:	0000000000000400
    43	CapEff:	0000000000000400
    44	CapBnd:	00000000a80425fb
    45	CapAmb:	0000000000000000
    46	NoNewPrivs:	0
    47	Seccomp:	2
    48	Speculation_Store_Bypass:	thread force mitigated
    49	Cpus_allowed:	fff
    50	Cpus_allowed_list:	0-11
    51	Mems_allowed:	1
    52	Mems_allowed_list:	0
    53	voluntary_ctxt_switches:	2
    54	nonvoluntary_ctxt_switches:	0
cat: /proc/9/task/16/io: Permission denied
     1	sqlservr (16, #threads: 19)
     2	-------------------------------------------------------------------
     3	se.exec_start                                :      54725809.931102
     4	se.vruntime                                  :            11.129546
     5	se.sum_exec_runtime                          :             0.178130
     6	se.nr_migrations                             :                    0
     7	nr_switches                                  :                    2
     8	nr_voluntary_switches                        :                    2
     9	nr_involuntary_switches                      :                    0
    10	se.load.weight                               :              1048576
    11	se.runnable_weight                           :              1048576
    12	se.avg.load_sum                              :                  412
    13	se.avg.runnable_load_sum                     :                  412
    14	se.avg.util_sum                              :               223937
    15	se.avg.load_avg                              :                    7
    16	se.avg.runnable_load_avg                     :                    7
    17	se.avg.util_avg                              :                    3
    18	se.avg.last_update_time                      :       54725809925120
    19	se.avg.util_est.ewma                         :                   96
    20	se.avg.util_est.enqueued                     :                    3
    21	policy                                       :                    0
    22	prio                                         :                  120
    23	clock-delta                                  :                   20
cat: /proc/9/task/16/stack: Permission denied
     1	Name:	sqlservr
     2	Umask:	0022
     3	State:	T (stopped)
     4	Tgid:	9
     5	Ngid:	0
     6	Pid:	16
     7	PPid:	1
     8	TracerPid:	0
     9	Uid:	10001	10001	10001	10001
    10	Gid:	0	0	0	0
    11	FDSize:	64
    12	Groups:	 
    13	NStgid:	9
    14	NSpid:	16
    15	NSpgid:	1
    16	NSsid:	1
    17	VmPeak:	  360728 kB
    18	VmSize:	  360600 kB
    19	VmLck:	       0 kB
    20	VmPin:	       0 kB
    21	VmHWM:	  108152 kB
    22	VmRSS:	  108128 kB
    23	RssAnon:	   95536 kB
    24	RssFile:	   12592 kB
    25	RssShmem:	       0 kB
    26	VmData:	  201080 kB
    27	VmStk:	     132 kB
    28	VmExe:	    2052 kB
    29	VmLib:	   22064 kB
    30	VmPTE:	     828 kB
    31	VmSwap:	       0 kB
    32	HugetlbPages:	       0 kB
    33	CoreDumping:	0
    34	Threads:	19
    35	SigQ:	2/50951
    36	SigPnd:	0000000000000000
    37	ShdPnd:	0000000000000200
    38	SigBlk:	0000000600005007
    39	SigIgn:	0000000000000000
    40	SigCgt:	00000001c1808ef8
    41	CapInh:	00000000a80425fb
    42	CapPrm:	0000000000000400
    43	CapEff:	0000000000000400
    44	CapBnd:	00000000a80425fb
    45	CapAmb:	0000000000000000
    46	NoNewPrivs:	0
    47	Seccomp:	2
    48	Speculation_Store_Bypass:	thread force mitigated
    49	Cpus_allowed:	fff
    50	Cpus_allowed_list:	0-11
    51	Mems_allowed:	1
    52	Mems_allowed_list:	0
    53	voluntary_ctxt_switches:	2
    54	nonvoluntary_ctxt_switches:	0
cat: /proc/9/task/17/io: Permission denied
     1	sqlservr (17, #threads: 19)
     2	-------------------------------------------------------------------
     3	se.exec_start                                :      54725809.931482
     4	se.vruntime                                  :            33.808508
     5	se.sum_exec_runtime                          :             0.191600
     6	se.nr_migrations                             :                    0
     7	nr_switches                                  :                    2
     8	nr_voluntary_switches                        :                    2
     9	nr_involuntary_switches                      :                    0
    10	se.load.weight                               :              1048576
    11	se.runnable_weight                           :              1048576
    12	se.avg.load_sum                              :                  398
    13	se.avg.runnable_load_sum                     :                  398
    14	se.avg.util_sum                              :               236229
    15	se.avg.load_avg                              :                    7
    16	se.avg.runnable_load_avg                     :                    7
    17	se.avg.util_avg                              :                    3
    18	se.avg.last_update_time                      :       54725809925120
    19	se.avg.util_est.ewma                         :                   96
    20	se.avg.util_est.enqueued                     :                    3
    21	policy                                       :                    0
    22	prio                                         :                  120
    23	clock-delta                                  :                   30
cat: /proc/9/task/17/stack: Permission denied
     1	Name:	sqlservr
     2	Umask:	0022
     3	State:	T (stopped)
     4	Tgid:	9
     5	Ngid:	0
     6	Pid:	17
     7	PPid:	1
     8	TracerPid:	0
     9	Uid:	10001	10001	10001	10001
    10	Gid:	0	0	0	0
    11	FDSize:	64
    12	Groups:	 
    13	NStgid:	9
    14	NSpid:	17
    15	NSpgid:	1
    16	NSsid:	1
    17	VmPeak:	  360728 kB
    18	VmSize:	  360600 kB
    19	VmLck:	       0 kB
    20	VmPin:	       0 kB
    21	VmHWM:	  108152 kB
    22	VmRSS:	  108128 kB
    23	RssAnon:	   95536 kB
    24	RssFile:	   12592 kB
    25	RssShmem:	       0 kB
    26	VmData:	  201080 kB
    27	VmStk:	     132 kB
    28	VmExe:	    2052 kB
    29	VmLib:	   22064 kB
    30	VmPTE:	     828 kB
    31	VmSwap:	       0 kB
    32	HugetlbPages:	       0 kB
    33	CoreDumping:	0
    34	Threads:	19
    35	SigQ:	2/50951
    36	SigPnd:	0000000000000000
    37	ShdPnd:	0000000000000200
    38	SigBlk:	0000000600005007
    39	SigIgn:	0000000000000000
    40	SigCgt:	00000001c1808ef8
    41	CapInh:	00000000a80425fb
    42	CapPrm:	0000000000000400
    43	CapEff:	0000000000000400
    44	CapBnd:	00000000a80425fb
    45	CapAmb:	0000000000000000
    46	NoNewPrivs:	0
    47	Seccomp:	2
    48	Speculation_Store_Bypass:	thread force mitigated
    49	Cpus_allowed:	fff
    50	Cpus_allowed_list:	0-11
    51	Mems_allowed:	1
    52	Mems_allowed_list:	0
    53	voluntary_ctxt_switches:	2
    54	nonvoluntary_ctxt_switches:	0
cat: /proc/9/task/18/io: Permission denied
     1	sqlservr (18, #threads: 19)
     2	-------------------------------------------------------------------
     3	se.exec_start                                :      54725809.941522
     4	se.vruntime                                  :           139.514734
     5	se.sum_exec_runtime                          :             0.122400
     6	se.nr_migrations                             :                    2
     7	nr_switches                                  :                    2
     8	nr_voluntary_switches                        :                    2
     9	nr_involuntary_switches                      :                    0
    10	se.load.weight                               :              1048576
    11	se.runnable_weight                           :              1048576
    12	se.avg.load_sum                              :                  330
    13	se.avg.runnable_load_sum                     :                  330
    14	se.avg.util_sum                              :               144387
    15	se.avg.load_avg                              :                    7
    16	se.avg.runnable_load_avg                     :                    7
    17	se.avg.util_avg                              :                    3
    18	se.avg.last_update_time                      :       54725809941504
    19	se.avg.util_est.ewma                         :                  128
    20	se.avg.util_est.enqueued                     :                  513
    21	policy                                       :                    0
    22	prio                                         :                  120
    23	clock-delta                                  :                   50
cat: /proc/9/task/18/stack: Permission denied
     1	Name:	sqlservr
     2	Umask:	0022
     3	State:	T (stopped)
     4	Tgid:	9
     5	Ngid:	0
     6	Pid:	18
     7	PPid:	1
     8	TracerPid:	0
     9	Uid:	10001	10001	10001	10001
    10	Gid:	0	0	0	0
    11	FDSize:	64
    12	Groups:	 
    13	NStgid:	9
    14	NSpid:	18
    15	NSpgid:	1
    16	NSsid:	1
    17	VmPeak:	  360728 kB
    18	VmSize:	  360600 kB
    19	VmLck:	       0 kB
    20	VmPin:	       0 kB
    21	VmHWM:	  108152 kB
    22	VmRSS:	  108128 kB
    23	RssAnon:	   95536 kB
    24	RssFile:	   12592 kB
    25	RssShmem:	       0 kB
    26	VmData:	  201080 kB
    27	VmStk:	     132 kB
    28	VmExe:	    2052 kB
    29	VmLib:	   22064 kB
    30	VmPTE:	     828 kB
    31	VmSwap:	       0 kB
    32	HugetlbPages:	       0 kB
    33	CoreDumping:	0
    34	Threads:	19
    35	SigQ:	2/50951
    36	SigPnd:	0000000000000000
    37	ShdPnd:	0000000000000200
    38	SigBlk:	0000000600005007
    39	SigIgn:	0000000000000000
    40	SigCgt:	00000001c1808ef8
    41	CapInh:	00000000a80425fb
    42	CapPrm:	0000000000000400
    43	CapEff:	0000000000000400
    44	CapBnd:	00000000a80425fb
    45	CapAmb:	0000000000000000
    46	NoNewPrivs:	0
    47	Seccomp:	2
    48	Speculation_Store_Bypass:	thread force mitigated
    49	Cpus_allowed:	fff
    50	Cpus_allowed_list:	0-11
    51	Mems_allowed:	1
    52	Mems_allowed_list:	0
    53	voluntary_ctxt_switches:	2
    54	nonvoluntary_ctxt_switches:	0
cat: /proc/9/task/19/io: Permission denied
     1	sqlservr (19, #threads: 19)
     2	-------------------------------------------------------------------
     3	se.exec_start                                :      54725809.975542
     4	se.vruntime                                  :            11.251532
     5	se.sum_exec_runtime                          :             0.229941
     6	se.nr_migrations                             :                    1
     7	nr_switches                                  :                    2
     8	nr_voluntary_switches                        :                    2
     9	nr_involuntary_switches                      :                    0
    10	se.load.weight                               :              1048576
    11	se.runnable_weight                           :              1048576
    12	se.avg.load_sum                              :                  395
    13	se.avg.runnable_load_sum                     :                  395
    14	se.avg.util_sum                              :               216992
    15	se.avg.load_avg                              :                    7
    16	se.avg.runnable_load_avg                     :                    7
    17	se.avg.util_avg                              :                    3
    18	se.avg.last_update_time                      :       54725809975296
    19	se.avg.util_est.ewma                         :                  117
    20	se.avg.util_est.enqueued                     :                  469
    21	policy                                       :                    0
    22	prio                                         :                  120
    23	clock-delta                                  :                   50
cat: /proc/9/task/19/stack: Permission denied
     1	Name:	sqlservr
     2	Umask:	0022
     3	State:	T (stopped)
     4	Tgid:	9
     5	Ngid:	0
     6	Pid:	19
     7	PPid:	1
     8	TracerPid:	0
     9	Uid:	10001	10001	10001	10001
    10	Gid:	0	0	0	0
    11	FDSize:	64
    12	Groups:	 
    13	NStgid:	9
    14	NSpid:	19
    15	NSpgid:	1
    16	NSsid:	1
    17	VmPeak:	  360728 kB
    18	VmSize:	  360600 kB
    19	VmLck:	       0 kB
    20	VmPin:	       0 kB
    21	VmHWM:	  108152 kB
    22	VmRSS:	  108128 kB
    23	RssAnon:	   95536 kB
    24	RssFile:	   12592 kB
    25	RssShmem:	       0 kB
    26	VmData:	  201080 kB
    27	VmStk:	     132 kB
    28	VmExe:	    2052 kB
    29	VmLib:	   22064 kB
    30	VmPTE:	     828 kB
    31	VmSwap:	       0 kB
    32	HugetlbPages:	       0 kB
    33	CoreDumping:	0
    34	Threads:	19
    35	SigQ:	2/50951
    36	SigPnd:	0000000000000000
    37	ShdPnd:	0000000000000200
    38	SigBlk:	0000000600005007
    39	SigIgn:	0000000000000000
    40	SigCgt:	00000001c1808ef8
    41	CapInh:	00000000a80425fb
    42	CapPrm:	0000000000000400
    43	CapEff:	0000000000000400
    44	CapBnd:	00000000a80425fb
    45	CapAmb:	0000000000000000
    46	NoNewPrivs:	0
    47	Seccomp:	2
    48	Speculation_Store_Bypass:	thread force mitigated
    49	Cpus_allowed:	fff
    50	Cpus_allowed_list:	0-11
    51	Mems_allowed:	1
    52	Mems_allowed_list:	0
    53	voluntary_ctxt_switches:	2
    54	nonvoluntary_ctxt_switches:	0
cat: /proc/9/task/20/io: Permission denied
     1	sqlservr (20, #threads: 19)
     2	-------------------------------------------------------------------
     3	se.exec_start                                :      54725809.938942
     4	se.vruntime                                  :           127.516924
     5	se.sum_exec_runtime                          :             0.108550
     6	se.nr_migrations                             :                    1
     7	nr_switches                                  :                    2
     8	nr_voluntary_switches                        :                    2
     9	nr_involuntary_switches                      :                    0
    10	se.load.weight                               :              1048576
    11	se.runnable_weight                           :              1048576
    12	se.avg.load_sum                              :                  327
    13	se.avg.runnable_load_sum                     :                  327
    14	se.avg.util_sum                              :                 5120
    15	se.avg.load_avg                              :                    7
    16	se.avg.runnable_load_avg                     :                    7
    17	se.avg.util_avg                              :                    0
    18	se.avg.last_update_time                      :       54725809938432
    19	se.avg.util_est.ewma                         :                   19
    20	se.avg.util_est.enqueued                     :                    1
    21	policy                                       :                    0
    22	prio                                         :                  120
    23	clock-delta                                  :                   60
cat: /proc/9/task/20/stack: Permission denied
     1	Name:	sqlservr
     2	Umask:	0022
     3	State:	T (stopped)
     4	Tgid:	9
     5	Ngid:	0
     6	Pid:	20
     7	PPid:	1
     8	TracerPid:	0
     9	Uid:	10001	10001	10001	10001
    10	Gid:	0	0	0	0
    11	FDSize:	64
    12	Groups:	 
    13	NStgid:	9
    14	NSpid:	20
    15	NSpgid:	1
    16	NSsid:	1
    17	VmPeak:	  360728 kB
    18	VmSize:	  360600 kB
    19	VmLck:	       0 kB
    20	VmPin:	       0 kB
    21	VmHWM:	  108152 kB
    22	VmRSS:	  108128 kB
    23	RssAnon:	   95536 kB
    24	RssFile:	   12592 kB
    25	RssShmem:	       0 kB
    26	VmData:	  201080 kB
    27	VmStk:	     132 kB
    28	VmExe:	    2052 kB
    29	VmLib:	   22064 kB
    30	VmPTE:	     828 kB
    31	VmSwap:	       0 kB
    32	HugetlbPages:	       0 kB
    33	CoreDumping:	0
    34	Threads:	19
    35	SigQ:	2/50951
    36	SigPnd:	0000000000000000
    37	ShdPnd:	0000000000000200
    38	SigBlk:	0000000600005007
    39	SigIgn:	0000000000000000
    40	SigCgt:	00000001c1808ef8
    41	CapInh:	00000000a80425fb
    42	CapPrm:	0000000000000400
    43	CapEff:	0000000000000400
    44	CapBnd:	00000000a80425fb
    45	CapAmb:	0000000000000000
    46	NoNewPrivs:	0
    47	Seccomp:	2
    48	Speculation_Store_Bypass:	thread force mitigated
    49	Cpus_allowed:	fff
    50	Cpus_allowed_list:	0-11
    51	Mems_allowed:	1
    52	Mems_allowed_list:	0
    53	voluntary_ctxt_switches:	2
    54	nonvoluntary_ctxt_switches:	0
cat: /proc/9/task/21/io: Permission denied
     1	sqlservr (21, #threads: 19)
     2	-------------------------------------------------------------------
     3	se.exec_start                                :      54725809.970482
     4	se.vruntime                                  :            88.741127
     5	se.sum_exec_runtime                          :             0.141150
     6	se.nr_migrations                             :                    0
     7	nr_switches                                  :                    2
     8	nr_voluntary_switches                        :                    2
     9	nr_involuntary_switches                      :                    0
    10	se.load.weight                               :              1048576
    11	se.runnable_weight                           :              1048576
    12	se.avg.load_sum                              :                  397
    13	se.avg.runnable_load_sum                     :                  397
    14	se.avg.util_sum                              :               167152
    15	se.avg.load_avg                              :                    7
    16	se.avg.runnable_load_avg                     :                    7
    17	se.avg.util_avg                              :                    3
    18	se.avg.last_update_time                      :       54725809970176
    19	se.avg.util_est.ewma                         :                   87
    20	se.avg.util_est.enqueued                     :                    3
    21	policy                                       :                    0
    22	prio                                         :                  120
    23	clock-delta                                  :                   70
cat: /proc/9/task/21/stack: Permission denied
     1	Name:	sqlservr
     2	Umask:	0022
     3	State:	T (stopped)
     4	Tgid:	9
     5	Ngid:	0
     6	Pid:	21
     7	PPid:	1
     8	TracerPid:	0
     9	Uid:	10001	10001	10001	10001
    10	Gid:	0	0	0	0
    11	FDSize:	64
    12	Groups:	 
    13	NStgid:	9
    14	NSpid:	21
    15	NSpgid:	1
    16	NSsid:	1
    17	VmPeak:	  360728 kB
    18	VmSize:	  360600 kB
    19	VmLck:	       0 kB
    20	VmPin:	       0 kB
    21	VmHWM:	  108152 kB
    22	VmRSS:	  108128 kB
    23	RssAnon:	   95536 kB
    24	RssFile:	   12592 kB
    25	RssShmem:	       0 kB
    26	VmData:	  201080 kB
    27	VmStk:	     132 kB
    28	VmExe:	    2052 kB
    29	VmLib:	   22064 kB
    30	VmPTE:	     828 kB
    31	VmSwap:	       0 kB
    32	HugetlbPages:	       0 kB
    33	CoreDumping:	0
    34	Threads:	19
    35	SigQ:	2/50951
    36	SigPnd:	0000000000000000
    37	ShdPnd:	0000000000000200
    38	SigBlk:	0000000600005007
    39	SigIgn:	0000000000000000
    40	SigCgt:	00000001c1808ef8
    41	CapInh:	00000000a80425fb
    42	CapPrm:	0000000000000400
    43	CapEff:	0000000000000400
    44	CapBnd:	00000000a80425fb
    45	CapAmb:	0000000000000000
    46	NoNewPrivs:	0
    47	Seccomp:	2
    48	Speculation_Store_Bypass:	thread force mitigated
    49	Cpus_allowed:	fff
    50	Cpus_allowed_list:	0-11
    51	Mems_allowed:	1
    52	Mems_allowed_list:	0
    53	voluntary_ctxt_switches:	2
    54	nonvoluntary_ctxt_switches:	0
cat: /proc/9/task/22/io: Permission denied
     1	sqlservr (22, #threads: 19)
     2	-------------------------------------------------------------------
     3	se.exec_start                                :      54725809.936462
     4	se.vruntime                                  :             5.593016
     5	se.sum_exec_runtime                          :             0.121950
     6	se.nr_migrations                             :                    1
     7	nr_switches                                  :                    2
     8	nr_voluntary_switches                        :                    2
     9	nr_involuntary_switches                      :                    0
    10	se.load.weight                               :              1048576
    11	se.runnable_weight                           :              1048576
    12	se.avg.load_sum                              :                  327
    13	se.avg.runnable_load_sum                     :                  327
    14	se.avg.util_sum                              :               147450
    15	se.avg.load_avg                              :                    7
    16	se.avg.runnable_load_avg                     :                    7
    17	se.avg.util_avg                              :                    3
    18	se.avg.last_update_time                      :       54725809936384
    19	se.avg.util_est.ewma                         :                   87
    20	se.avg.util_est.enqueued                     :                    3
    21	policy                                       :                    0
    22	prio                                         :                  120
    23	clock-delta                                  :                   30
cat: /proc/9/task/22/stack: Permission denied
     1	Name:	sqlservr
     2	Umask:	0022
     3	State:	T (stopped)
     4	Tgid:	9
     5	Ngid:	0
     6	Pid:	22
     7	PPid:	1
     8	TracerPid:	0
     9	Uid:	10001	10001	10001	10001
    10	Gid:	0	0	0	0
    11	FDSize:	64
    12	Groups:	 
    13	NStgid:	9
    14	NSpid:	22
    15	NSpgid:	1
    16	NSsid:	1
    17	VmPeak:	  360728 kB
    18	VmSize:	  360600 kB
    19	VmLck:	       0 kB
    20	VmPin:	       0 kB
    21	VmHWM:	  108152 kB
    22	VmRSS:	  108128 kB
    23	RssAnon:	   95536 kB
    24	RssFile:	   12592 kB
    25	RssShmem:	       0 kB
    26	VmData:	  201080 kB
    27	VmStk:	     132 kB
    28	VmExe:	    2052 kB
    29	VmLib:	   22064 kB
    30	VmPTE:	     828 kB
    31	VmSwap:	       0 kB
    32	HugetlbPages:	       0 kB
    33	CoreDumping:	0
    34	Threads:	19
    35	SigQ:	2/50951
    36	SigPnd:	0000000000000000
    37	ShdPnd:	0000000000000200
    38	SigBlk:	0000000600005007
    39	SigIgn:	0000000000000000
    40	SigCgt:	00000001c1808ef8
    41	CapInh:	00000000a80425fb
    42	CapPrm:	0000000000000400
    43	CapEff:	0000000000000400
    44	CapBnd:	00000000a80425fb
    45	CapAmb:	0000000000000000
    46	NoNewPrivs:	0
    47	Seccomp:	2
    48	Speculation_Store_Bypass:	thread force mitigated
    49	Cpus_allowed:	fff
    50	Cpus_allowed_list:	0-11
    51	Mems_allowed:	1
    52	Mems_allowed_list:	0
    53	voluntary_ctxt_switches:	2
    54	nonvoluntary_ctxt_switches:	0
cat: /proc/9/task/23/io: Permission denied
     1	sqlservr (23, #threads: 19)
     2	-------------------------------------------------------------------
     3	se.exec_start                                :      54725809.936972
     4	se.vruntime                                  :            33.808558
     5	se.sum_exec_runtime                          :             0.126110
     6	se.nr_migrations                             :                    1
     7	nr_switches                                  :                    2
     8	nr_voluntary_switches                        :                    2
     9	nr_involuntary_switches                      :                    0
    10	se.load.weight                               :              1048576
    11	se.runnable_weight                           :              1048576
    12	se.avg.load_sum                              :                  326
    13	se.avg.runnable_load_sum                     :                  326
    14	se.avg.util_sum                              :               146429
    15	se.avg.load_avg                              :                    7
    16	se.avg.runnable_load_avg                     :                    7
    17	se.avg.util_avg                              :                    3
    18	se.avg.last_update_time                      :       54725809936384
    19	se.avg.util_est.ewma                         :                   90
    20	se.avg.util_est.enqueued                     :                    3
    21	policy                                       :                    0
    22	prio                                         :                  120
    23	clock-delta                                  :                   40
cat: /proc/9/task/23/stack: Permission denied
     1	Name:	sqlservr
     2	Umask:	0022
     3	State:	T (stopped)
     4	Tgid:	9
     5	Ngid:	0
     6	Pid:	23
     7	PPid:	1
     8	TracerPid:	0
     9	Uid:	10001	10001	10001	10001
    10	Gid:	0	0	0	0
    11	FDSize:	64
    12	Groups:	 
    13	NStgid:	9
    14	NSpid:	23
    15	NSpgid:	1
    16	NSsid:	1
    17	VmPeak:	  360728 kB
    18	VmSize:	  360600 kB
    19	VmLck:	       0 kB
    20	VmPin:	       0 kB
    21	VmHWM:	  108152 kB
    22	VmRSS:	  108128 kB
    23	RssAnon:	   95536 kB
    24	RssFile:	   12592 kB
    25	RssShmem:	       0 kB
    26	VmData:	  201080 kB
    27	VmStk:	     132 kB
    28	VmExe:	    2052 kB
    29	VmLib:	   22064 kB
    30	VmPTE:	     828 kB
    31	VmSwap:	       0 kB
    32	HugetlbPages:	       0 kB
    33	CoreDumping:	0
    34	Threads:	19
    35	SigQ:	2/50951
    36	SigPnd:	0000000000000000
    37	ShdPnd:	0000000000000200
    38	SigBlk:	0000000600005007
    39	SigIgn:	0000000000000000
    40	SigCgt:	00000001c1808ef8
    41	CapInh:	00000000a80425fb
    42	CapPrm:	0000000000000400
    43	CapEff:	0000000000000400
    44	CapBnd:	00000000a80425fb
    45	CapAmb:	0000000000000000
    46	NoNewPrivs:	0
    47	Seccomp:	2
    48	Speculation_Store_Bypass:	thread force mitigated
    49	Cpus_allowed:	fff
    50	Cpus_allowed_list:	0-11
    51	Mems_allowed:	1
    52	Mems_allowed_list:	0
    53	voluntary_ctxt_switches:	2
    54	nonvoluntary_ctxt_switches:	0
cat: /proc/9/task/24/io: Permission denied
     1	sqlservr (24, #threads: 19)
     2	-------------------------------------------------------------------
     3	se.exec_start                                :      54725809.935432
     4	se.vruntime                                  :            81.640074
     5	se.sum_exec_runtime                          :             0.137720
     6	se.nr_migrations                             :                    0
     7	nr_switches                                  :                    2
     8	nr_voluntary_switches                        :                    2
     9	nr_involuntary_switches                      :                    0
    10	se.load.weight                               :              1048576
    11	se.runnable_weight                           :              1048576
    12	se.avg.load_sum                              :                  364
    13	se.avg.runnable_load_sum                     :                  364
    14	se.avg.util_sum                              :               148921
    15	se.avg.load_avg                              :                    7
    16	se.avg.runnable_load_avg                     :                    7
    17	se.avg.util_avg                              :                    2
    18	se.avg.last_update_time                      :       54725809935360
    19	se.avg.util_est.ewma                         :                   73
    20	se.avg.util_est.enqueued                     :                    3
    21	policy                                       :                    0
    22	prio                                         :                  120
    23	clock-delta                                  :                   30
cat: /proc/9/task/24/stack: Permission denied
     1	Name:	sqlservr
     2	Umask:	0022
     3	State:	T (stopped)
     4	Tgid:	9
     5	Ngid:	0
     6	Pid:	24
     7	PPid:	1
     8	TracerPid:	0
     9	Uid:	10001	10001	10001	10001
    10	Gid:	0	0	0	0
    11	FDSize:	64
    12	Groups:	 
    13	NStgid:	9
    14	NSpid:	24
    15	NSpgid:	1
    16	NSsid:	1
    17	VmPeak:	  360728 kB
    18	VmSize:	  360600 kB
    19	VmLck:	       0 kB
    20	VmPin:	       0 kB
    21	VmHWM:	  108152 kB
    22	VmRSS:	  108128 kB
    23	RssAnon:	   95536 kB
    24	RssFile:	   12592 kB
    25	RssShmem:	       0 kB
    26	VmData:	  201080 kB
    27	VmStk:	     132 kB
    28	VmExe:	    2052 kB
    29	VmLib:	   22064 kB
    30	VmPTE:	     828 kB
    31	VmSwap:	       0 kB
    32	HugetlbPages:	       0 kB
    33	CoreDumping:	0
    34	Threads:	19
    35	SigQ:	2/50951
    36	SigPnd:	0000000000000000
    37	ShdPnd:	0000000000000200
    38	SigBlk:	0000000600005007
    39	SigIgn:	0000000000000000
    40	SigCgt:	00000001c1808ef8
    41	CapInh:	00000000a80425fb
    42	CapPrm:	0000000000000400
    43	CapEff:	0000000000000400
    44	CapBnd:	00000000a80425fb
    45	CapAmb:	0000000000000000
    46	NoNewPrivs:	0
    47	Seccomp:	2
    48	Speculation_Store_Bypass:	thread force mitigated
    49	Cpus_allowed:	fff
    50	Cpus_allowed_list:	0-11
    51	Mems_allowed:	1
    52	Mems_allowed_list:	0
    53	voluntary_ctxt_switches:	2
    54	nonvoluntary_ctxt_switches:	0
cat: /proc/9/task/25/io: Permission denied
     1	sqlservr (25, #threads: 19)
     2	-------------------------------------------------------------------
     3	se.exec_start                                :      54725809.941032
     4	se.vruntime                                  :            17.591916
     5	se.sum_exec_runtime                          :             0.151620
     6	se.nr_migrations                             :                    1
     7	nr_switches                                  :                    2
     8	nr_voluntary_switches                        :                    2
     9	nr_involuntary_switches                      :                    0
    10	se.load.weight                               :              1048576
    11	se.runnable_weight                           :              1048576
    12	se.avg.load_sum                              :                  331
    13	se.avg.runnable_load_sum                     :                  331
    14	se.avg.util_sum                              :                51198
    15	se.avg.load_avg                              :                    7
    16	se.avg.runnable_load_avg                     :                    7
    17	se.avg.util_avg                              :                    1
    18	se.avg.last_update_time                      :       54725809940480
    19	se.avg.util_est.ewma                         :                   43
    20	se.avg.util_est.enqueued                     :                    1
    21	policy                                       :                    0
    22	prio                                         :                  120
    23	clock-delta                                  :                   20
cat: /proc/9/task/25/stack: Permission denied
     1	Name:	sqlservr
     2	Umask:	0022
     3	State:	T (stopped)
     4	Tgid:	9
     5	Ngid:	0
     6	Pid:	25
     7	PPid:	1
     8	TracerPid:	0
     9	Uid:	10001	10001	10001	10001
    10	Gid:	0	0	0	0
    11	FDSize:	64
    12	Groups:	 
    13	NStgid:	9
    14	NSpid:	25
    15	NSpgid:	1
    16	NSsid:	1
    17	VmPeak:	  360728 kB
    18	VmSize:	  360600 kB
    19	VmLck:	       0 kB
    20	VmPin:	       0 kB
    21	VmHWM:	  108152 kB
    22	VmRSS:	  108128 kB
    23	RssAnon:	   95536 kB
    24	RssFile:	   12592 kB
    25	RssShmem:	       0 kB
    26	VmData:	  201080 kB
    27	VmStk:	     132 kB
    28	VmExe:	    2052 kB
    29	VmLib:	   22064 kB
    30	VmPTE:	     828 kB
    31	VmSwap:	       0 kB
    32	HugetlbPages:	       0 kB
    33	CoreDumping:	0
    34	Threads:	19
    35	SigQ:	2/50951
    36	SigPnd:	0000000000000000
    37	ShdPnd:	0000000000000200
    38	SigBlk:	0000000600005007
    39	SigIgn:	0000000000000000
    40	SigCgt:	00000001c1808ef8
    41	CapInh:	00000000a80425fb
    42	CapPrm:	0000000000000400
    43	CapEff:	0000000000000400
    44	CapBnd:	00000000a80425fb
    45	CapAmb:	0000000000000000
    46	NoNewPrivs:	0
    47	Seccomp:	2
    48	Speculation_Store_Bypass:	thread force mitigated
    49	Cpus_allowed:	fff
    50	Cpus_allowed_list:	0-11
    51	Mems_allowed:	1
    52	Mems_allowed_list:	0
    53	voluntary_ctxt_switches:	2
    54	nonvoluntary_ctxt_switches:	0
cat: /proc/9/task/26/io: Permission denied
     1	sqlservr (26, #threads: 19)
     2	-------------------------------------------------------------------
     3	se.exec_start                                :      54725809.935642
     4	se.vruntime                                  :             0.871744
     5	se.sum_exec_runtime                          :             0.373940
     6	se.nr_migrations                             :                    1
     7	nr_switches                                  :                    2
     8	nr_voluntary_switches                        :                    2
     9	nr_involuntary_switches                      :                    0
    10	se.load.weight                               :              1048576
    11	se.runnable_weight                           :              1048576
    12	se.avg.load_sum                              :                  326
    13	se.avg.runnable_load_sum                     :                  326
    14	se.avg.util_sum                              :                52222
    15	se.avg.load_avg                              :                    7
    16	se.avg.runnable_load_avg                     :                    7
    17	se.avg.util_avg                              :                    1
    18	se.avg.last_update_time                      :       54725809935360
    19	se.avg.util_est.ewma                         :                   37
    20	se.avg.util_est.enqueued                     :                    1
    21	policy                                       :                    0
    22	prio                                         :                  120
    23	clock-delta                                  :                   30
cat: /proc/9/task/26/stack: Permission denied
     1	Name:	sqlservr
     2	Umask:	0022
     3	State:	T (stopped)
     4	Tgid:	9
     5	Ngid:	0
     6	Pid:	26
     7	PPid:	1
     8	TracerPid:	0
     9	Uid:	10001	10001	10001	10001
    10	Gid:	0	0	0	0
    11	FDSize:	64
    12	Groups:	 
    13	NStgid:	9
    14	NSpid:	26
    15	NSpgid:	1
    16	NSsid:	1
    17	VmPeak:	  360728 kB
    18	VmSize:	  360600 kB
    19	VmLck:	       0 kB
    20	VmPin:	       0 kB
    21	VmHWM:	  108152 kB
    22	VmRSS:	  108128 kB
    23	RssAnon:	   95536 kB
    24	RssFile:	   12592 kB
    25	RssShmem:	       0 kB
    26	VmData:	  201080 kB
    27	VmStk:	     132 kB
    28	VmExe:	    2052 kB
    29	VmLib:	   22064 kB
    30	VmPTE:	     828 kB
    31	VmSwap:	       0 kB
    32	HugetlbPages:	       0 kB
    33	CoreDumping:	0
    34	Threads:	19
    35	SigQ:	2/50951
    36	SigPnd:	0000000000000000
    37	ShdPnd:	0000000000000200
    38	SigBlk:	0000000600005007
    39	SigIgn:	0000000000000000
    40	SigCgt:	00000001c1808ef8
    41	CapInh:	00000000a80425fb
    42	CapPrm:	0000000000000400
    43	CapEff:	0000000000000400
    44	CapBnd:	00000000a80425fb
    45	CapAmb:	0000000000000000
    46	NoNewPrivs:	0
    47	Seccomp:	2
    48	Speculation_Store_Bypass:	thread force mitigated
    49	Cpus_allowed:	fff
    50	Cpus_allowed_list:	0-11
    51	Mems_allowed:	1
    52	Mems_allowed_list:	0
    53	voluntary_ctxt_switches:	2
    54	nonvoluntary_ctxt_switches:	0
cat: /proc/9/task/27/io: Permission denied
     1	sqlservr (27, #threads: 19)
     2	-------------------------------------------------------------------
     3	se.exec_start                                :      54725809.939292
     4	se.vruntime                                  :            11.127366
     5	se.sum_exec_runtime                          :             0.187558
     6	se.nr_migrations                             :                    1
     7	nr_switches                                  :                    2
     8	nr_voluntary_switches                        :                    2
     9	nr_involuntary_switches                      :                    0
    10	se.load.weight                               :              1048576
    11	se.runnable_weight                           :              1048576
    12	se.avg.load_sum                              :                 4653
    13	se.avg.runnable_load_sum                     :                 4653
    14	se.avg.util_sum                              :              2122662
    15	se.avg.load_avg                              :                  101
    16	se.avg.runnable_load_avg                     :                  101
    17	se.avg.util_avg                              :                   45
    18	se.avg.last_update_time                      :       54725809938432
    19	se.avg.util_est.ewma                         :                   96
    20	se.avg.util_est.enqueued                     :                   45
    21	policy                                       :                    0
    22	prio                                         :                  120
    23	clock-delta                                  :                   30
cat: /proc/9/task/27/stack: Permission denied
     1	Name:	sqlservr
     2	Umask:	0022
     3	State:	T (stopped)
     4	Tgid:	9
     5	Ngid:	0
     6	Pid:	27
     7	PPid:	1
     8	TracerPid:	0
     9	Uid:	10001	10001	10001	10001
    10	Gid:	0	0	0	0
    11	FDSize:	64
    12	Groups:	 
    13	NStgid:	9
    14	NSpid:	27
    15	NSpgid:	1
    16	NSsid:	1
    17	VmPeak:	  360728 kB
    18	VmSize:	  360600 kB
    19	VmLck:	       0 kB
    20	VmPin:	       0 kB
    21	VmHWM:	  108152 kB
    22	VmRSS:	  108128 kB
    23	RssAnon:	   95536 kB
    24	RssFile:	   12592 kB
    25	RssShmem:	       0 kB
    26	VmData:	  201080 kB
    27	VmStk:	     132 kB
    28	VmExe:	    2052 kB
    29	VmLib:	   22064 kB
    30	VmPTE:	     828 kB
    31	VmSwap:	       0 kB
    32	HugetlbPages:	       0 kB
    33	CoreDumping:	0
    34	Threads:	19
    35	SigQ:	2/50951
    36	SigPnd:	0000000000000000
    37	ShdPnd:	0000000000000200
    38	SigBlk:	0000000600005007
    39	SigIgn:	0000000000000000
    40	SigCgt:	00000001c1808ef8
    41	CapInh:	00000000a80425fb
    42	CapPrm:	0000000000000400
    43	CapEff:	0000000000000400
    44	CapBnd:	00000000a80425fb
    45	CapAmb:	0000000000000000
    46	NoNewPrivs:	0
    47	Seccomp:	2
    48	Speculation_Store_Bypass:	thread force mitigated
    49	Cpus_allowed:	fff
    50	Cpus_allowed_list:	0-11
    51	Mems_allowed:	1
    52	Mems_allowed_list:	0
    53	voluntary_ctxt_switches:	2
    54	nonvoluntary_ctxt_switches:	0
cat: /proc/9/task/9/io: Permission denied
     1	sqlservr (9, #threads: 19)
     2	-------------------------------------------------------------------
     3	se.exec_start                                :      54725809.924712
     4	se.vruntime                                  :            81.814304
     5	se.sum_exec_runtime                          :            43.088747
     6	se.nr_migrations                             :                    0
     7	nr_switches                                  :                   12
     8	nr_voluntary_switches                        :                   10
     9	nr_involuntary_switches                      :                    2
    10	se.load.weight                               :              1048576
    11	se.runnable_weight                           :              1048576
    12	se.avg.load_sum                              :                  307
    13	se.avg.runnable_load_sum                     :                  307
    14	se.avg.util_sum                              :               268545
    15	se.avg.load_avg                              :                    2
    16	se.avg.runnable_load_avg                     :                    2
    17	se.avg.util_avg                              :                    1
    18	se.avg.last_update_time                      :       54725809924096
    19	se.avg.util_est.ewma                         :                  326
    20	se.avg.util_est.enqueued                     :                    1
    21	policy                                       :                    0
    22	prio                                         :                  120
    23	clock-delta                                  :                   20
cat: /proc/9/task/9/stack: Permission denied
     1	Name:	sqlservr
     2	Umask:	0022
     3	State:	T (stopped)
     4	Tgid:	9
     5	Ngid:	0
     6	Pid:	9
     7	PPid:	1
     8	TracerPid:	0
     9	Uid:	10001	10001	10001	10001
    10	Gid:	0	0	0	0
    11	FDSize:	64
    12	Groups:	 
    13	NStgid:	9
    14	NSpid:	9
    15	NSpgid:	1
    16	NSsid:	1
    17	VmPeak:	  360728 kB
    18	VmSize:	  360600 kB
    19	VmLck:	       0 kB
    20	VmPin:	       0 kB
    21	VmHWM:	  108152 kB
    22	VmRSS:	  108128 kB
    23	RssAnon:	   95536 kB
    24	RssFile:	   12592 kB
    25	RssShmem:	       0 kB
    26	VmData:	  201080 kB
    27	VmStk:	     132 kB
    28	VmExe:	    2052 kB
    29	VmLib:	   22064 kB
    30	VmPTE:	     828 kB
    31	VmSwap:	       0 kB
    32	HugetlbPages:	       0 kB
    33	CoreDumping:	0
    34	Threads:	19
    35	SigQ:	2/50951
    36	SigPnd:	0000000000000000
    37	ShdPnd:	0000000000000200
    38	SigBlk:	0000000600005007
    39	SigIgn:	0000000000000000
    40	SigCgt:	00000001c1808ef8
    41	CapInh:	00000000a80425fb
    42	CapPrm:	0000000000000400
    43	CapEff:	0000000000000400
    44	CapBnd:	00000000a80425fb
    45	CapAmb:	0000000000000000
    46	NoNewPrivs:	0
    47	Seccomp:	2
    48	Speculation_Store_Bypass:	thread force mitigated
    49	Cpus_allowed:	fff
    50	Cpus_allowed_list:	0-11
    51	Mems_allowed:	1
    52	Mems_allowed_list:	0
    53	voluntary_ctxt_switches:	10
    54	nonvoluntary_ctxt_switches:	2
