cat: /proc/10/io: Permission denied
     1	sqlservr (10, #threads: 19)
     2	-------------------------------------------------------------------
     3	se.exec_start                                :      54387755.532532
     4	se.vruntime                                  :           101.681838
     5	se.sum_exec_runtime                          :            53.357237
     6	se.nr_migrations                             :                    0
     7	nr_switches                                  :                   11
     8	nr_voluntary_switches                        :                   10
     9	nr_involuntary_switches                      :                    1
    10	se.load.weight                               :              1048576
    11	se.runnable_weight                           :              1048576
    12	se.avg.load_sum                              :                  302
    13	se.avg.runnable_load_sum                     :                  302
    14	se.avg.util_sum                              :               274957
    15	se.avg.load_avg                              :                    1
    16	se.avg.runnable_load_avg                     :                    1
    17	se.avg.util_avg                              :                    1
    18	se.avg.last_update_time                      :       54387755532288
    19	se.avg.util_est.ewma                         :                  343
    20	se.avg.util_est.enqueued                     :                    1
    21	policy                                       :                    0
    22	prio                                         :                  120
    23	clock-delta                                  :                   30
cat: /proc/10/stack: Permission denied
     1	Name:	sqlservr
     2	Umask:	0022
     3	State:	T (stopped)
     4	Tgid:	10
     5	Ngid:	0
     6	Pid:	10
     7	PPid:	1
     8	TracerPid:	0
     9	Uid:	10001	10001	10001	10001
    10	Gid:	0	0	0	0
    11	FDSize:	64
    12	Groups:	 
    13	NStgid:	10
    14	NSpid:	10
    15	NSpgid:	1
    16	NSsid:	1
    17	VmPeak:	  360728 kB
    18	VmSize:	  360600 kB
    19	VmLck:	       0 kB
    20	VmPin:	       0 kB
    21	VmHWM:	  112272 kB
    22	VmRSS:	  112248 kB
    23	RssAnon:	   99744 kB
    24	RssFile:	   12504 kB
    25	RssShmem:	       0 kB
    26	VmData:	  201080 kB
    27	VmStk:	     132 kB
    28	VmExe:	    2052 kB
    29	VmLib:	   22064 kB
    30	VmPTE:	     844 kB
    31	VmSwap:	       0 kB
    32	HugetlbPages:	       0 kB
    33	CoreDumping:	0
    34	Threads:	19
    35	SigQ:	2/50951
    36	SigPnd:	0000000000000000
    37	ShdPnd:	0000000000000200
    38	SigBlk:	0000000600005007
    39	SigIgn:	0000000000000000
    40	SigCgt:	00000001c1808ef8
    41	CapInh:	00000000a80425fb
    42	CapPrm:	0000000000000400
    43	CapEff:	0000000000000400
    44	CapBnd:	00000000a80425fb
    45	CapAmb:	0000000000000000
    46	NoNewPrivs:	0
    47	Seccomp:	2
    48	Speculation_Store_Bypass:	thread force mitigated
    49	Cpus_allowed:	fff
    50	Cpus_allowed_list:	0-11
    51	Mems_allowed:	1
    52	Mems_allowed_list:	0
    53	voluntary_ctxt_switches:	10
    54	nonvoluntary_ctxt_switches:	1
cat: /proc/10/task/10/io: Permission denied
     1	sqlservr (10, #threads: 19)
     2	-------------------------------------------------------------------
     3	se.exec_start                                :      54387755.532532
     4	se.vruntime                                  :           101.681838
     5	se.sum_exec_runtime                          :            53.357237
     6	se.nr_migrations                             :                    0
     7	nr_switches                                  :                   11
     8	nr_voluntary_switches                        :                   10
     9	nr_involuntary_switches                      :                    1
    10	se.load.weight                               :              1048576
    11	se.runnable_weight                           :              1048576
    12	se.avg.load_sum                              :                  302
    13	se.avg.runnable_load_sum                     :                  302
    14	se.avg.util_sum                              :               274957
    15	se.avg.load_avg                              :                    1
    16	se.avg.runnable_load_avg                     :                    1
    17	se.avg.util_avg                              :                    1
    18	se.avg.last_update_time                      :       54387755532288
    19	se.avg.util_est.ewma                         :                  343
    20	se.avg.util_est.enqueued                     :                    1
    21	policy                                       :                    0
    22	prio                                         :                  120
    23	clock-delta                                  :                   40
cat: /proc/10/task/10/stack: Permission denied
     1	Name:	sqlservr
     2	Umask:	0022
     3	State:	T (stopped)
     4	Tgid:	10
     5	Ngid:	0
     6	Pid:	10
     7	PPid:	1
     8	TracerPid:	0
     9	Uid:	10001	10001	10001	10001
    10	Gid:	0	0	0	0
    11	FDSize:	64
    12	Groups:	 
    13	NStgid:	10
    14	NSpid:	10
    15	NSpgid:	1
    16	NSsid:	1
    17	VmPeak:	  360728 kB
    18	VmSize:	  360600 kB
    19	VmLck:	       0 kB
    20	VmPin:	       0 kB
    21	VmHWM:	  112272 kB
    22	VmRSS:	  112248 kB
    23	RssAnon:	   99744 kB
    24	RssFile:	   12504 kB
    25	RssShmem:	       0 kB
    26	VmData:	  201080 kB
    27	VmStk:	     132 kB
    28	VmExe:	    2052 kB
    29	VmLib:	   22064 kB
    30	VmPTE:	     844 kB
    31	VmSwap:	       0 kB
    32	HugetlbPages:	       0 kB
    33	CoreDumping:	0
    34	Threads:	19
    35	SigQ:	2/50951
    36	SigPnd:	0000000000000000
    37	ShdPnd:	0000000000000200
    38	SigBlk:	0000000600005007
    39	SigIgn:	0000000000000000
    40	SigCgt:	00000001c1808ef8
    41	CapInh:	00000000a80425fb
    42	CapPrm:	0000000000000400
    43	CapEff:	0000000000000400
    44	CapBnd:	00000000a80425fb
    45	CapAmb:	0000000000000000
    46	NoNewPrivs:	0
    47	Seccomp:	2
    48	Speculation_Store_Bypass:	thread force mitigated
    49	Cpus_allowed:	fff
    50	Cpus_allowed_list:	0-11
    51	Mems_allowed:	1
    52	Mems_allowed_list:	0
    53	voluntary_ctxt_switches:	10
    54	nonvoluntary_ctxt_switches:	1
cat: /proc/10/task/11/io: Permission denied
     1	sqlservr (11, #threads: 19)
     2	-------------------------------------------------------------------
     3	se.exec_start                                :      54387755.532832
     4	se.vruntime                                  :            11.632491
     5	se.sum_exec_runtime                          :             0.263130
     6	se.nr_migrations                             :                    1
     7	nr_switches                                  :                    3
     8	nr_voluntary_switches                        :                    3
     9	nr_involuntary_switches                      :                    0
    10	se.load.weight                               :              1048576
    11	se.runnable_weight                           :              1048576
    12	se.avg.load_sum                              :                  212
    13	se.avg.runnable_load_sum                     :                  212
    14	se.avg.util_sum                              :               176995
    15	se.avg.load_avg                              :                    0
    16	se.avg.runnable_load_avg                     :                    0
    17	se.avg.util_avg                              :                    0
    18	se.avg.last_update_time                      :       54387755532288
    19	se.avg.util_est.ewma                         :                   96
    20	se.avg.util_est.enqueued                     :                    1
    21	policy                                       :                    0
    22	prio                                         :                  120
    23	clock-delta                                  :                   60
cat: /proc/10/task/11/stack: Permission denied
     1	Name:	sqlservr
     2	Umask:	0022
     3	State:	T (stopped)
     4	Tgid:	10
     5	Ngid:	0
     6	Pid:	11
     7	PPid:	1
     8	TracerPid:	0
     9	Uid:	10001	10001	10001	10001
    10	Gid:	0	0	0	0
    11	FDSize:	64
    12	Groups:	 
    13	NStgid:	10
    14	NSpid:	11
    15	NSpgid:	1
    16	NSsid:	1
    17	VmPeak:	  360728 kB
    18	VmSize:	  360600 kB
    19	VmLck:	       0 kB
    20	VmPin:	       0 kB
    21	VmHWM:	  112272 kB
    22	VmRSS:	  112248 kB
    23	RssAnon:	   99744 kB
    24	RssFile:	   12504 kB
    25	RssShmem:	       0 kB
    26	VmData:	  201080 kB
    27	VmStk:	     132 kB
    28	VmExe:	    2052 kB
    29	VmLib:	   22064 kB
    30	VmPTE:	     844 kB
    31	VmSwap:	       0 kB
    32	HugetlbPages:	       0 kB
    33	CoreDumping:	0
    34	Threads:	19
    35	SigQ:	2/50951
    36	SigPnd:	0000000000000000
    37	ShdPnd:	0000000000000200
    38	SigBlk:	0000000600005007
    39	SigIgn:	0000000000000000
    40	SigCgt:	00000001c1808ef8
    41	CapInh:	00000000a80425fb
    42	CapPrm:	0000000000000400
    43	CapEff:	0000000000000400
    44	CapBnd:	00000000a80425fb
    45	CapAmb:	0000000000000000
    46	NoNewPrivs:	0
    47	Seccomp:	2
    48	Speculation_Store_Bypass:	thread force mitigated
    49	Cpus_allowed:	fff
    50	Cpus_allowed_list:	0-11
    51	Mems_allowed:	1
    52	Mems_allowed_list:	0
    53	voluntary_ctxt_switches:	3
    54	nonvoluntary_ctxt_switches:	0
cat: /proc/10/task/12/io: Permission denied
     1	sqlservr (12, #threads: 19)
     2	-------------------------------------------------------------------
     3	se.exec_start                                :      54387755.549202
     4	se.vruntime                                  :            16.093377
     5	se.sum_exec_runtime                          :             0.281171
     6	se.nr_migrations                             :                    0
     7	nr_switches                                  :                    3
     8	nr_voluntary_switches                        :                    3
     9	nr_involuntary_switches                      :                    0
    10	se.load.weight                               :              1048576
    11	se.runnable_weight                           :              1048576
    12	se.avg.load_sum                              :                  246
    13	se.avg.runnable_load_sum                     :                  246
    14	se.avg.util_sum                              :               235366
    15	se.avg.load_avg                              :                    0
    16	se.avg.runnable_load_avg                     :                    0
    17	se.avg.util_avg                              :                    0
    18	se.avg.last_update_time                      :       54387755548672
    19	se.avg.util_est.ewma                         :                   96
    20	se.avg.util_est.enqueued                     :                    1
    21	policy                                       :                    0
    22	prio                                         :                  120
    23	clock-delta                                  :                   40
cat: /proc/10/task/12/stack: Permission denied
     1	Name:	sqlservr
     2	Umask:	0022
     3	State:	T (stopped)
     4	Tgid:	10
     5	Ngid:	0
     6	Pid:	12
     7	PPid:	1
     8	TracerPid:	0
     9	Uid:	10001	10001	10001	10001
    10	Gid:	0	0	0	0
    11	FDSize:	64
    12	Groups:	 
    13	NStgid:	10
    14	NSpid:	12
    15	NSpgid:	1
    16	NSsid:	1
    17	VmPeak:	  360728 kB
    18	VmSize:	  360600 kB
    19	VmLck:	       0 kB
    20	VmPin:	       0 kB
    21	VmHWM:	  112272 kB
    22	VmRSS:	  112248 kB
    23	RssAnon:	   99744 kB
    24	RssFile:	   12504 kB
    25	RssShmem:	       0 kB
    26	VmData:	  201080 kB
    27	VmStk:	     132 kB
    28	VmExe:	    2052 kB
    29	VmLib:	   22064 kB
    30	VmPTE:	     844 kB
    31	VmSwap:	       0 kB
    32	HugetlbPages:	       0 kB
    33	CoreDumping:	0
    34	Threads:	19
    35	SigQ:	2/50951
    36	SigPnd:	0000000000000000
    37	ShdPnd:	0000000000000200
    38	SigBlk:	0000000600005007
    39	SigIgn:	0000000000000000
    40	SigCgt:	00000001c1808ef8
    41	CapInh:	00000000a80425fb
    42	CapPrm:	0000000000000400
    43	CapEff:	0000000000000400
    44	CapBnd:	00000000a80425fb
    45	CapAmb:	0000000000000000
    46	NoNewPrivs:	0
    47	Seccomp:	2
    48	Speculation_Store_Bypass:	thread force mitigated
    49	Cpus_allowed:	fff
    50	Cpus_allowed_list:	0-11
    51	Mems_allowed:	1
    52	Mems_allowed_list:	0
    53	voluntary_ctxt_switches:	3
    54	nonvoluntary_ctxt_switches:	0
cat: /proc/10/task/13/io: Permission denied
     1	sqlservr (13, #threads: 19)
     2	-------------------------------------------------------------------
     3	se.exec_start                                :      54387755.545882
     4	se.vruntime                                  :            12.829250
     5	se.sum_exec_runtime                          :             0.243500
     6	se.nr_migrations                             :                    1
     7	nr_switches                                  :                    3
     8	nr_voluntary_switches                        :                    3
     9	nr_involuntary_switches                      :                    0
    10	se.load.weight                               :              1048576
    11	se.runnable_weight                           :              1048576
    12	se.avg.load_sum                              :                  213
    13	se.avg.runnable_load_sum                     :                  213
    14	se.avg.util_sum                              :               200522
    15	se.avg.load_avg                              :                    1
    16	se.avg.runnable_load_avg                     :                    1
    17	se.avg.util_avg                              :                    0
    18	se.avg.last_update_time                      :       54387755545600
    19	se.avg.util_est.ewma                         :                   72
    20	se.avg.util_est.enqueued                     :                    1
    21	policy                                       :                    0
    22	prio                                         :                  120
    23	clock-delta                                  :                   30
cat: /proc/10/task/13/stack: Permission denied
     1	Name:	sqlservr
     2	Umask:	0022
     3	State:	T (stopped)
     4	Tgid:	10
     5	Ngid:	0
     6	Pid:	13
     7	PPid:	1
     8	TracerPid:	0
     9	Uid:	10001	10001	10001	10001
    10	Gid:	0	0	0	0
    11	FDSize:	64
    12	Groups:	 
    13	NStgid:	10
    14	NSpid:	13
    15	NSpgid:	1
    16	NSsid:	1
    17	VmPeak:	  360728 kB
    18	VmSize:	  360600 kB
    19	VmLck:	       0 kB
    20	VmPin:	       0 kB
    21	VmHWM:	  112272 kB
    22	VmRSS:	  112248 kB
    23	RssAnon:	   99744 kB
    24	RssFile:	   12504 kB
    25	RssShmem:	       0 kB
    26	VmData:	  201080 kB
    27	VmStk:	     132 kB
    28	VmExe:	    2052 kB
    29	VmLib:	   22064 kB
    30	VmPTE:	     844 kB
    31	VmSwap:	       0 kB
    32	HugetlbPages:	       0 kB
    33	CoreDumping:	0
    34	Threads:	19
    35	SigQ:	2/50951
    36	SigPnd:	0000000000000000
    37	ShdPnd:	0000000000000200
    38	SigBlk:	0000000600005007
    39	SigIgn:	0000000000000000
    40	SigCgt:	00000001c1808ef8
    41	CapInh:	00000000a80425fb
    42	CapPrm:	0000000000000400
    43	CapEff:	0000000000000400
    44	CapBnd:	00000000a80425fb
    45	CapAmb:	0000000000000000
    46	NoNewPrivs:	0
    47	Seccomp:	2
    48	Speculation_Store_Bypass:	thread force mitigated
    49	Cpus_allowed:	fff
    50	Cpus_allowed_list:	0-11
    51	Mems_allowed:	1
    52	Mems_allowed_list:	0
    53	voluntary_ctxt_switches:	3
    54	nonvoluntary_ctxt_switches:	0
cat: /proc/10/task/14/io: Permission denied
     1	sqlservr (14, #threads: 19)
     2	-------------------------------------------------------------------
     3	se.exec_start                                :      54387755.550592
     4	se.vruntime                                  :           235.536002
     5	se.sum_exec_runtime                          :           187.750123
     6	se.nr_migrations                             :                    2
     7	nr_switches                                  :                  881
     8	nr_voluntary_switches                        :                  877
     9	nr_involuntary_switches                      :                    4
    10	se.load.weight                               :              1048576
    11	se.runnable_weight                           :              1048576
    12	se.avg.load_sum                              :                12506
    13	se.avg.runnable_load_sum                     :                12506
    14	se.avg.util_sum                              :             12727866
    15	se.avg.load_avg                              :                  267
    16	se.avg.runnable_load_avg                     :                  267
    17	se.avg.util_avg                              :                  266
    18	se.avg.last_update_time                      :       54387755549696
    19	se.avg.util_est.ewma                         :                  288
    20	se.avg.util_est.enqueued                     :                  267
    21	policy                                       :                    0
    22	prio                                         :                  120
    23	clock-delta                                  :                   40
cat: /proc/10/task/14/stack: Permission denied
     1	Name:	sqlservr
     2	Umask:	0022
     3	State:	T (stopped)
     4	Tgid:	10
     5	Ngid:	0
     6	Pid:	14
     7	PPid:	1
     8	TracerPid:	0
     9	Uid:	10001	10001	10001	10001
    10	Gid:	0	0	0	0
    11	FDSize:	64
    12	Groups:	 
    13	NStgid:	10
    14	NSpid:	14
    15	NSpgid:	1
    16	NSsid:	1
    17	VmPeak:	  360728 kB
    18	VmSize:	  360600 kB
    19	VmLck:	       0 kB
    20	VmPin:	       0 kB
    21	VmHWM:	  112272 kB
    22	VmRSS:	  112248 kB
    23	RssAnon:	   99744 kB
    24	RssFile:	   12504 kB
    25	RssShmem:	       0 kB
    26	VmData:	  201080 kB
    27	VmStk:	     132 kB
    28	VmExe:	    2052 kB
    29	VmLib:	   22064 kB
    30	VmPTE:	     844 kB
    31	VmSwap:	       0 kB
    32	HugetlbPages:	       0 kB
    33	CoreDumping:	0
    34	Threads:	19
    35	SigQ:	2/50951
    36	SigPnd:	0000000000000000
    37	ShdPnd:	0000000000000200
    38	SigBlk:	0000000600005007
    39	SigIgn:	0000000000000000
    40	SigCgt:	00000001c1808ef8
    41	CapInh:	00000000a80425fb
    42	CapPrm:	0000000000000400
    43	CapEff:	0000000000000400
    44	CapBnd:	00000000a80425fb
    45	CapAmb:	0000000000000000
    46	NoNewPrivs:	0
    47	Seccomp:	2
    48	Speculation_Store_Bypass:	thread force mitigated
    49	Cpus_allowed:	fff
    50	Cpus_allowed_list:	0-11
    51	Mems_allowed:	1
    52	Mems_allowed_list:	0
    53	voluntary_ctxt_switches:	877
    54	nonvoluntary_ctxt_switches:	4
cat: /proc/10/task/15/io: Permission denied
     1	sqlservr (15, #threads: 19)
     2	-------------------------------------------------------------------
     3	se.exec_start                                :      54387755.544162
     4	se.vruntime                                  :            33.058272
     5	se.sum_exec_runtime                          :             3.152326
     6	se.nr_migrations                             :                    2
     7	nr_switches                                  :                   64
     8	nr_voluntary_switches                        :                   62
     9	nr_involuntary_switches                      :                    2
    10	se.load.weight                               :              1048576
    11	se.runnable_weight                           :              1048576
    12	se.avg.load_sum                              :                  889
    13	se.avg.runnable_load_sum                     :                  889
    14	se.avg.util_sum                              :               747741
    15	se.avg.load_avg                              :                   16
    16	se.avg.runnable_load_avg                     :                   16
    17	se.avg.util_avg                              :                   13
    18	se.avg.last_update_time                      :       54387755533312
    19	se.avg.util_est.ewma                         :                   22
    20	se.avg.util_est.enqueued                     :                   14
    21	policy                                       :                    0
    22	prio                                         :                  120
    23	clock-delta                                  :                   30
cat: /proc/10/task/15/stack: Permission denied
     1	Name:	sqlservr
     2	Umask:	0022
     3	State:	T (stopped)
     4	Tgid:	10
     5	Ngid:	0
     6	Pid:	15
     7	PPid:	1
     8	TracerPid:	0
     9	Uid:	10001	10001	10001	10001
    10	Gid:	0	0	0	0
    11	FDSize:	64
    12	Groups:	 
    13	NStgid:	10
    14	NSpid:	15
    15	NSpgid:	1
    16	NSsid:	1
    17	VmPeak:	  360728 kB
    18	VmSize:	  360600 kB
    19	VmLck:	       0 kB
    20	VmPin:	       0 kB
    21	VmHWM:	  112272 kB
    22	VmRSS:	  112248 kB
    23	RssAnon:	   99744 kB
    24	RssFile:	   12504 kB
    25	RssShmem:	       0 kB
    26	VmData:	  201080 kB
    27	VmStk:	     132 kB
    28	VmExe:	    2052 kB
    29	VmLib:	   22064 kB
    30	VmPTE:	     844 kB
    31	VmSwap:	       0 kB
    32	HugetlbPages:	       0 kB
    33	CoreDumping:	0
    34	Threads:	19
    35	SigQ:	2/50951
    36	SigPnd:	0000000000000000
    37	ShdPnd:	0000000000000200
    38	SigBlk:	0000000600005007
    39	SigIgn:	0000000000000000
    40	SigCgt:	00000001c1808ef8
    41	CapInh:	00000000a80425fb
    42	CapPrm:	0000000000000400
    43	CapEff:	0000000000000400
    44	CapBnd:	00000000a80425fb
    45	CapAmb:	0000000000000000
    46	NoNewPrivs:	0
    47	Seccomp:	2
    48	Speculation_Store_Bypass:	thread force mitigated
    49	Cpus_allowed:	fff
    50	Cpus_allowed_list:	0-11
    51	Mems_allowed:	1
    52	Mems_allowed_list:	0
    53	voluntary_ctxt_switches:	62
    54	nonvoluntary_ctxt_switches:	2
cat: /proc/10/task/16/io: Permission denied
     1	sqlservr (16, #threads: 19)
     2	-------------------------------------------------------------------
     3	se.exec_start                                :      54387755.540792
     4	se.vruntime                                  :            25.301406
     5	se.sum_exec_runtime                          :             0.243000
     6	se.nr_migrations                             :                    0
     7	nr_switches                                  :                    2
     8	nr_voluntary_switches                        :                    2
     9	nr_involuntary_switches                      :                    0
    10	se.load.weight                               :              1048576
    11	se.runnable_weight                           :              1048576
    12	se.avg.load_sum                              :                  382
    13	se.avg.runnable_load_sum                     :                  382
    14	se.avg.util_sum                              :               226611
    15	se.avg.load_avg                              :                    6
    16	se.avg.runnable_load_avg                     :                    6
    17	se.avg.util_avg                              :                    3
    18	se.avg.last_update_time                      :       54387755532288
    19	se.avg.util_est.ewma                         :                   96
    20	se.avg.util_est.enqueued                     :                    3
    21	policy                                       :                    0
    22	prio                                         :                  120
    23	clock-delta                                  :                   50
cat: /proc/10/task/16/stack: Permission denied
     1	Name:	sqlservr
     2	Umask:	0022
     3	State:	T (stopped)
     4	Tgid:	10
     5	Ngid:	0
     6	Pid:	16
     7	PPid:	1
     8	TracerPid:	0
     9	Uid:	10001	10001	10001	10001
    10	Gid:	0	0	0	0
    11	FDSize:	64
    12	Groups:	 
    13	NStgid:	10
    14	NSpid:	16
    15	NSpgid:	1
    16	NSsid:	1
    17	VmPeak:	  360728 kB
    18	VmSize:	  360600 kB
    19	VmLck:	       0 kB
    20	VmPin:	       0 kB
    21	VmHWM:	  112272 kB
    22	VmRSS:	  112248 kB
    23	RssAnon:	   99744 kB
    24	RssFile:	   12504 kB
    25	RssShmem:	       0 kB
    26	VmData:	  201080 kB
    27	VmStk:	     132 kB
    28	VmExe:	    2052 kB
    29	VmLib:	   22064 kB
    30	VmPTE:	     844 kB
    31	VmSwap:	       0 kB
    32	HugetlbPages:	       0 kB
    33	CoreDumping:	0
    34	Threads:	19
    35	SigQ:	2/50951
    36	SigPnd:	0000000000000000
    37	ShdPnd:	0000000000000200
    38	SigBlk:	0000000600005007
    39	SigIgn:	0000000000000000
    40	SigCgt:	00000001c1808ef8
    41	CapInh:	00000000a80425fb
    42	CapPrm:	0000000000000400
    43	CapEff:	0000000000000400
    44	CapBnd:	00000000a80425fb
    45	CapAmb:	0000000000000000
    46	NoNewPrivs:	0
    47	Seccomp:	2
    48	Speculation_Store_Bypass:	thread force mitigated
    49	Cpus_allowed:	fff
    50	Cpus_allowed_list:	0-11
    51	Mems_allowed:	1
    52	Mems_allowed_list:	0
    53	voluntary_ctxt_switches:	2
    54	nonvoluntary_ctxt_switches:	0
cat: /proc/10/task/17/io: Permission denied
     1	sqlservr (17, #threads: 19)
     2	-------------------------------------------------------------------
     3	se.exec_start                                :      54387755.540562
     4	se.vruntime                                  :            11.465976
     5	se.sum_exec_runtime                          :             0.218570
     6	se.nr_migrations                             :                    0
     7	nr_switches                                  :                    2
     8	nr_voluntary_switches                        :                    2
     9	nr_involuntary_switches                      :                    0
    10	se.load.weight                               :              1048576
    11	se.runnable_weight                           :              1048576
    12	se.avg.load_sum                              :                  369
    13	se.avg.runnable_load_sum                     :                  369
    14	se.avg.util_sum                              :               207997
    15	se.avg.load_avg                              :                    6
    16	se.avg.runnable_load_avg                     :                    6
    17	se.avg.util_avg                              :                    3
    18	se.avg.last_update_time                      :       54387755533312
    19	se.avg.util_est.ewma                         :                   96
    20	se.avg.util_est.enqueued                     :                    3
    21	policy                                       :                    0
    22	prio                                         :                  120
    23	clock-delta                                  :                   30
cat: /proc/10/task/17/stack: Permission denied
     1	Name:	sqlservr
     2	Umask:	0022
     3	State:	T (stopped)
     4	Tgid:	10
     5	Ngid:	0
     6	Pid:	17
     7	PPid:	1
     8	TracerPid:	0
     9	Uid:	10001	10001	10001	10001
    10	Gid:	0	0	0	0
    11	FDSize:	64
    12	Groups:	 
    13	NStgid:	10
    14	NSpid:	17
    15	NSpgid:	1
    16	NSsid:	1
    17	VmPeak:	  360728 kB
    18	VmSize:	  360600 kB
    19	VmLck:	       0 kB
    20	VmPin:	       0 kB
    21	VmHWM:	  112272 kB
    22	VmRSS:	  112248 kB
    23	RssAnon:	   99744 kB
    24	RssFile:	   12504 kB
    25	RssShmem:	       0 kB
    26	VmData:	  201080 kB
    27	VmStk:	     132 kB
    28	VmExe:	    2052 kB
    29	VmLib:	   22064 kB
    30	VmPTE:	     844 kB
    31	VmSwap:	       0 kB
    32	HugetlbPages:	       0 kB
    33	CoreDumping:	0
    34	Threads:	19
    35	SigQ:	2/50951
    36	SigPnd:	0000000000000000
    37	ShdPnd:	0000000000000200
    38	SigBlk:	0000000600005007
    39	SigIgn:	0000000000000000
    40	SigCgt:	00000001c1808ef8
    41	CapInh:	00000000a80425fb
    42	CapPrm:	0000000000000400
    43	CapEff:	0000000000000400
    44	CapBnd:	00000000a80425fb
    45	CapAmb:	0000000000000000
    46	NoNewPrivs:	0
    47	Seccomp:	2
    48	Speculation_Store_Bypass:	thread force mitigated
    49	Cpus_allowed:	fff
    50	Cpus_allowed_list:	0-11
    51	Mems_allowed:	1
    52	Mems_allowed_list:	0
    53	voluntary_ctxt_switches:	2
    54	nonvoluntary_ctxt_switches:	0
cat: /proc/10/task/18/io: Permission denied
     1	sqlservr (18, #threads: 19)
     2	-------------------------------------------------------------------
     3	se.exec_start                                :      54387755.534902
     4	se.vruntime                                  :            36.509974
     5	se.sum_exec_runtime                          :             0.185480
     6	se.nr_migrations                             :                    0
     7	nr_switches                                  :                    2
     8	nr_voluntary_switches                        :                    2
     9	nr_involuntary_switches                      :                    0
    10	se.load.weight                               :              1048576
    11	se.runnable_weight                           :              1048576
    12	se.avg.load_sum                              :                  355
    13	se.avg.runnable_load_sum                     :                  355
    14	se.avg.util_sum                              :               188323
    15	se.avg.load_avg                              :                    6
    16	se.avg.runnable_load_avg                     :                    6
    17	se.avg.util_avg                              :                    3
    18	se.avg.last_update_time                      :       54387755534336
    19	se.avg.util_est.ewma                         :                   96
    20	se.avg.util_est.enqueued                     :                    3
    21	policy                                       :                    0
    22	prio                                         :                  120
    23	clock-delta                                  :                   40
cat: /proc/10/task/18/stack: Permission denied
     1	Name:	sqlservr
     2	Umask:	0022
     3	State:	T (stopped)
     4	Tgid:	10
     5	Ngid:	0
     6	Pid:	18
     7	PPid:	1
     8	TracerPid:	0
     9	Uid:	10001	10001	10001	10001
    10	Gid:	0	0	0	0
    11	FDSize:	64
    12	Groups:	 
    13	NStgid:	10
    14	NSpid:	18
    15	NSpgid:	1
    16	NSsid:	1
    17	VmPeak:	  360728 kB
    18	VmSize:	  360600 kB
    19	VmLck:	       0 kB
    20	VmPin:	       0 kB
    21	VmHWM:	  112272 kB
    22	VmRSS:	  112248 kB
    23	RssAnon:	   99744 kB
    24	RssFile:	   12504 kB
    25	RssShmem:	       0 kB
    26	VmData:	  201080 kB
    27	VmStk:	     132 kB
    28	VmExe:	    2052 kB
    29	VmLib:	   22064 kB
    30	VmPTE:	     844 kB
    31	VmSwap:	       0 kB
    32	HugetlbPages:	       0 kB
    33	CoreDumping:	0
    34	Threads:	19
    35	SigQ:	2/50951
    36	SigPnd:	0000000000000000
    37	ShdPnd:	0000000000000200
    38	SigBlk:	0000000600005007
    39	SigIgn:	0000000000000000
    40	SigCgt:	00000001c1808ef8
    41	CapInh:	00000000a80425fb
    42	CapPrm:	0000000000000400
    43	CapEff:	0000000000000400
    44	CapBnd:	00000000a80425fb
    45	CapAmb:	0000000000000000
    46	NoNewPrivs:	0
    47	Seccomp:	2
    48	Speculation_Store_Bypass:	thread force mitigated
    49	Cpus_allowed:	fff
    50	Cpus_allowed_list:	0-11
    51	Mems_allowed:	1
    52	Mems_allowed_list:	0
    53	voluntary_ctxt_switches:	2
    54	nonvoluntary_ctxt_switches:	0
cat: /proc/10/task/19/io: Permission denied
     1	sqlservr (19, #threads: 19)
     2	-------------------------------------------------------------------
     3	se.exec_start                                :      54387755.535032
     4	se.vruntime                                  :            11.116826
     5	se.sum_exec_runtime                          :             0.164981
     6	se.nr_migrations                             :                    1
     7	nr_switches                                  :                    2
     8	nr_voluntary_switches                        :                    2
     9	nr_involuntary_switches                      :                    0
    10	se.load.weight                               :              1048576
    11	se.runnable_weight                           :              1048576
    12	se.avg.load_sum                              :                  327
    13	se.avg.runnable_load_sum                     :                  327
    14	se.avg.util_sum                              :               116026
    15	se.avg.load_avg                              :                    6
    16	se.avg.runnable_load_avg                     :                    6
    17	se.avg.util_avg                              :                    2
    18	se.avg.last_update_time                      :       54387755534336
    19	se.avg.util_est.ewma                         :                  118
    20	se.avg.util_est.enqueued                     :                  475
    21	policy                                       :                    0
    22	prio                                         :                  120
    23	clock-delta                                  :                   30
cat: /proc/10/task/19/stack: Permission denied
     1	Name:	sqlservr
     2	Umask:	0022
     3	State:	T (stopped)
     4	Tgid:	10
     5	Ngid:	0
     6	Pid:	19
     7	PPid:	1
     8	TracerPid:	0
     9	Uid:	10001	10001	10001	10001
    10	Gid:	0	0	0	0
    11	FDSize:	64
    12	Groups:	 
    13	NStgid:	10
    14	NSpid:	19
    15	NSpgid:	1
    16	NSsid:	1
    17	VmPeak:	  360728 kB
    18	VmSize:	  360600 kB
    19	VmLck:	       0 kB
    20	VmPin:	       0 kB
    21	VmHWM:	  112272 kB
    22	VmRSS:	  112248 kB
    23	RssAnon:	   99744 kB
    24	RssFile:	   12504 kB
    25	RssShmem:	       0 kB
    26	VmData:	  201080 kB
    27	VmStk:	     132 kB
    28	VmExe:	    2052 kB
    29	VmLib:	   22064 kB
    30	VmPTE:	     844 kB
    31	VmSwap:	       0 kB
    32	HugetlbPages:	       0 kB
    33	CoreDumping:	0
    34	Threads:	19
    35	SigQ:	2/50951
    36	SigPnd:	0000000000000000
    37	ShdPnd:	0000000000000200
    38	SigBlk:	0000000600005007
    39	SigIgn:	0000000000000000
    40	SigCgt:	00000001c1808ef8
    41	CapInh:	00000000a80425fb
    42	CapPrm:	0000000000000400
    43	CapEff:	0000000000000400
    44	CapBnd:	00000000a80425fb
    45	CapAmb:	0000000000000000
    46	NoNewPrivs:	0
    47	Seccomp:	2
    48	Speculation_Store_Bypass:	thread force mitigated
    49	Cpus_allowed:	fff
    50	Cpus_allowed_list:	0-11
    51	Mems_allowed:	1
    52	Mems_allowed_list:	0
    53	voluntary_ctxt_switches:	2
    54	nonvoluntary_ctxt_switches:	0
cat: /proc/10/task/20/io: Permission denied
     1	sqlservr (20, #threads: 19)
     2	-------------------------------------------------------------------
     3	se.exec_start                                :      54387755.554972
     4	se.vruntime                                  :             0.784086
     5	se.sum_exec_runtime                          :             0.157750
     6	se.nr_migrations                             :                    1
     7	nr_switches                                  :                    2
     8	nr_voluntary_switches                        :                    2
     9	nr_involuntary_switches                      :                    0
    10	se.load.weight                               :              1048576
    11	se.runnable_weight                           :              1048576
    12	se.avg.load_sum                              :                  319
    13	se.avg.runnable_load_sum                     :                  319
    14	se.avg.util_sum                              :                43008
    15	se.avg.load_avg                              :                    6
    16	se.avg.runnable_load_avg                     :                    6
    17	se.avg.util_avg                              :                    0
    18	se.avg.last_update_time                      :       54387755544576
    19	se.avg.util_est.ewma                         :                   28
    20	se.avg.util_est.enqueued                     :                  113
    21	policy                                       :                    0
    22	prio                                         :                  120
    23	clock-delta                                  :                   20
cat: /proc/10/task/20/stack: Permission denied
     1	Name:	sqlservr
     2	Umask:	0022
     3	State:	T (stopped)
     4	Tgid:	10
     5	Ngid:	0
     6	Pid:	20
     7	PPid:	1
     8	TracerPid:	0
     9	Uid:	10001	10001	10001	10001
    10	Gid:	0	0	0	0
    11	FDSize:	64
    12	Groups:	 
    13	NStgid:	10
    14	NSpid:	20
    15	NSpgid:	1
    16	NSsid:	1
    17	VmPeak:	  360728 kB
    18	VmSize:	  360600 kB
    19	VmLck:	       0 kB
    20	VmPin:	       0 kB
    21	VmHWM:	  112272 kB
    22	VmRSS:	  112248 kB
    23	RssAnon:	   99744 kB
    24	RssFile:	   12504 kB
    25	RssShmem:	       0 kB
    26	VmData:	  201080 kB
    27	VmStk:	     132 kB
    28	VmExe:	    2052 kB
    29	VmLib:	   22064 kB
    30	VmPTE:	     844 kB
    31	VmSwap:	       0 kB
    32	HugetlbPages:	       0 kB
    33	CoreDumping:	0
    34	Threads:	19
    35	SigQ:	2/50951
    36	SigPnd:	0000000000000000
    37	ShdPnd:	0000000000000200
    38	SigBlk:	0000000600005007
    39	SigIgn:	0000000000000000
    40	SigCgt:	00000001c1808ef8
    41	CapInh:	00000000a80425fb
    42	CapPrm:	0000000000000400
    43	CapEff:	0000000000000400
    44	CapBnd:	00000000a80425fb
    45	CapAmb:	0000000000000000
    46	NoNewPrivs:	0
    47	Seccomp:	2
    48	Speculation_Store_Bypass:	thread force mitigated
    49	Cpus_allowed:	fff
    50	Cpus_allowed_list:	0-11
    51	Mems_allowed:	1
    52	Mems_allowed_list:	0
    53	voluntary_ctxt_switches:	2
    54	nonvoluntary_ctxt_switches:	0
cat: /proc/10/task/21/io: Permission denied
     1	sqlservr (21, #threads: 19)
     2	-------------------------------------------------------------------
     3	se.exec_start                                :      54387755.547342
     4	se.vruntime                                  :           223.562402
     5	se.sum_exec_runtime                          :             0.164660
     6	se.nr_migrations                             :                    0
     7	nr_switches                                  :                    2
     8	nr_voluntary_switches                        :                    2
     9	nr_involuntary_switches                      :                    0
    10	se.load.weight                               :              1048576
    11	se.runnable_weight                           :              1048576
    12	se.avg.load_sum                              :                  314
    13	se.avg.runnable_load_sum                     :                  314
    14	se.avg.util_sum                              :               160558
    15	se.avg.load_avg                              :                    6
    16	se.avg.runnable_load_avg                     :                    6
    17	se.avg.util_avg                              :                    2
    18	se.avg.last_update_time                      :       54387755546624
    19	se.avg.util_est.ewma                         :                   86
    20	se.avg.util_est.enqueued                     :                    3
    21	policy                                       :                    0
    22	prio                                         :                  120
    23	clock-delta                                  :                   40
cat: /proc/10/task/21/stack: Permission denied
     1	Name:	sqlservr
     2	Umask:	0022
     3	State:	T (stopped)
     4	Tgid:	10
     5	Ngid:	0
     6	Pid:	21
     7	PPid:	1
     8	TracerPid:	0
     9	Uid:	10001	10001	10001	10001
    10	Gid:	0	0	0	0
    11	FDSize:	64
    12	Groups:	 
    13	NStgid:	10
    14	NSpid:	21
    15	NSpgid:	1
    16	NSsid:	1
    17	VmPeak:	  360728 kB
    18	VmSize:	  360600 kB
    19	VmLck:	       0 kB
    20	VmPin:	       0 kB
    21	VmHWM:	  112272 kB
    22	VmRSS:	  112248 kB
    23	RssAnon:	   99744 kB
    24	RssFile:	   12504 kB
    25	RssShmem:	       0 kB
    26	VmData:	  201080 kB
    27	VmStk:	     132 kB
    28	VmExe:	    2052 kB
    29	VmLib:	   22064 kB
    30	VmPTE:	     844 kB
    31	VmSwap:	       0 kB
    32	HugetlbPages:	       0 kB
    33	CoreDumping:	0
    34	Threads:	19
    35	SigQ:	2/50951
    36	SigPnd:	0000000000000000
    37	ShdPnd:	0000000000000200
    38	SigBlk:	0000000600005007
    39	SigIgn:	0000000000000000
    40	SigCgt:	00000001c1808ef8
    41	CapInh:	00000000a80425fb
    42	CapPrm:	0000000000000400
    43	CapEff:	0000000000000400
    44	CapBnd:	00000000a80425fb
    45	CapAmb:	0000000000000000
    46	NoNewPrivs:	0
    47	Seccomp:	2
    48	Speculation_Store_Bypass:	thread force mitigated
    49	Cpus_allowed:	fff
    50	Cpus_allowed_list:	0-11
    51	Mems_allowed:	1
    52	Mems_allowed_list:	0
    53	voluntary_ctxt_switches:	2
    54	nonvoluntary_ctxt_switches:	0
cat: /proc/10/task/22/io: Permission denied
     1	sqlservr (22, #threads: 19)
     2	-------------------------------------------------------------------
     3	se.exec_start                                :      54387755.546902
     4	se.vruntime                                  :            11.485711
     5	se.sum_exec_runtime                          :             0.218880
     6	se.nr_migrations                             :                    0
     7	nr_switches                                  :                    2
     8	nr_voluntary_switches                        :                    2
     9	nr_involuntary_switches                      :                    0
    10	se.load.weight                               :              1048576
    11	se.runnable_weight                           :              1048576
    12	se.avg.load_sum                              :                  311
    13	se.avg.runnable_load_sum                     :                  311
    14	se.avg.util_sum                              :               152405
    15	se.avg.load_avg                              :                    6
    16	se.avg.runnable_load_avg                     :                    6
    17	se.avg.util_avg                              :                    2
    18	se.avg.last_update_time                      :       54387755546624
    19	se.avg.util_est.ewma                         :                   90
    20	se.avg.util_est.enqueued                     :                    3
    21	policy                                       :                    0
    22	prio                                         :                  120
    23	clock-delta                                  :                   30
cat: /proc/10/task/22/stack: Permission denied
     1	Name:	sqlservr
     2	Umask:	0022
     3	State:	T (stopped)
     4	Tgid:	10
     5	Ngid:	0
     6	Pid:	22
     7	PPid:	1
     8	TracerPid:	0
     9	Uid:	10001	10001	10001	10001
    10	Gid:	0	0	0	0
    11	FDSize:	64
    12	Groups:	 
    13	NStgid:	10
    14	NSpid:	22
    15	NSpgid:	1
    16	NSsid:	1
    17	VmPeak:	  360728 kB
    18	VmSize:	  360600 kB
    19	VmLck:	       0 kB
    20	VmPin:	       0 kB
    21	VmHWM:	  112272 kB
    22	VmRSS:	  112248 kB
    23	RssAnon:	   99744 kB
    24	RssFile:	   12504 kB
    25	RssShmem:	       0 kB
    26	VmData:	  201080 kB
    27	VmStk:	     132 kB
    28	VmExe:	    2052 kB
    29	VmLib:	   22064 kB
    30	VmPTE:	     844 kB
    31	VmSwap:	       0 kB
    32	HugetlbPages:	       0 kB
    33	CoreDumping:	0
    34	Threads:	19
    35	SigQ:	2/50951
    36	SigPnd:	0000000000000000
    37	ShdPnd:	0000000000000200
    38	SigBlk:	0000000600005007
    39	SigIgn:	0000000000000000
    40	SigCgt:	00000001c1808ef8
    41	CapInh:	00000000a80425fb
    42	CapPrm:	0000000000000400
    43	CapEff:	0000000000000400
    44	CapBnd:	00000000a80425fb
    45	CapAmb:	0000000000000000
    46	NoNewPrivs:	0
    47	Seccomp:	2
    48	Speculation_Store_Bypass:	thread force mitigated
    49	Cpus_allowed:	fff
    50	Cpus_allowed_list:	0-11
    51	Mems_allowed:	1
    52	Mems_allowed_list:	0
    53	voluntary_ctxt_switches:	2
    54	nonvoluntary_ctxt_switches:	0
cat: /proc/10/task/23/io: Permission denied
     1	sqlservr (23, #threads: 19)
     2	-------------------------------------------------------------------
     3	se.exec_start                                :      54387755.549052
     4	se.vruntime                                  :            31.714240
     5	se.sum_exec_runtime                          :             0.149170
     6	se.nr_migrations                             :                    2
     7	nr_switches                                  :                    2
     8	nr_voluntary_switches                        :                    2
     9	nr_involuntary_switches                      :                    0
    10	se.load.weight                               :              1048576
    11	se.runnable_weight                           :              1048576
    12	se.avg.load_sum                              :                  282
    13	se.avg.runnable_load_sum                     :                  282
    14	se.avg.util_sum                              :                99762
    15	se.avg.load_avg                              :                    6
    16	se.avg.runnable_load_avg                     :                    6
    17	se.avg.util_avg                              :                    2
    18	se.avg.last_update_time                      :       54387755548672
    19	se.avg.util_est.ewma                         :                  120
    20	se.avg.util_est.enqueued                     :                  481
    21	policy                                       :                    0
    22	prio                                         :                  120
    23	clock-delta                                  :                   20
cat: /proc/10/task/23/stack: Permission denied
     1	Name:	sqlservr
     2	Umask:	0022
     3	State:	T (stopped)
     4	Tgid:	10
     5	Ngid:	0
     6	Pid:	23
     7	PPid:	1
     8	TracerPid:	0
     9	Uid:	10001	10001	10001	10001
    10	Gid:	0	0	0	0
    11	FDSize:	64
    12	Groups:	 
    13	NStgid:	10
    14	NSpid:	23
    15	NSpgid:	1
    16	NSsid:	1
    17	VmPeak:	  360728 kB
    18	VmSize:	  360600 kB
    19	VmLck:	       0 kB
    20	VmPin:	       0 kB
    21	VmHWM:	  112272 kB
    22	VmRSS:	  112248 kB
    23	RssAnon:	   99744 kB
    24	RssFile:	   12504 kB
    25	RssShmem:	       0 kB
    26	VmData:	  201080 kB
    27	VmStk:	     132 kB
    28	VmExe:	    2052 kB
    29	VmLib:	   22064 kB
    30	VmPTE:	     844 kB
    31	VmSwap:	       0 kB
    32	HugetlbPages:	       0 kB
    33	CoreDumping:	0
    34	Threads:	19
    35	SigQ:	2/50951
    36	SigPnd:	0000000000000000
    37	ShdPnd:	0000000000000200
    38	SigBlk:	0000000600005007
    39	SigIgn:	0000000000000000
    40	SigCgt:	00000001c1808ef8
    41	CapInh:	00000000a80425fb
    42	CapPrm:	0000000000000400
    43	CapEff:	0000000000000400
    44	CapBnd:	00000000a80425fb
    45	CapAmb:	0000000000000000
    46	NoNewPrivs:	0
    47	Seccomp:	2
    48	Speculation_Store_Bypass:	thread force mitigated
    49	Cpus_allowed:	fff
    50	Cpus_allowed_list:	0-11
    51	Mems_allowed:	1
    52	Mems_allowed_list:	0
    53	voluntary_ctxt_switches:	2
    54	nonvoluntary_ctxt_switches:	0
cat: /proc/10/task/24/io: Permission denied
     1	sqlservr (24, #threads: 19)
     2	-------------------------------------------------------------------
     3	se.exec_start                                :      54387755.544572
     4	se.vruntime                                  :            11.104806
     5	se.sum_exec_runtime                          :             0.153390
     6	se.nr_migrations                             :                    0
     7	nr_switches                                  :                    2
     8	nr_voluntary_switches                        :                    2
     9	nr_involuntary_switches                      :                    0
    10	se.load.weight                               :              1048576
    11	se.runnable_weight                           :              1048576
    12	se.avg.load_sum                              :                  308
    13	se.avg.runnable_load_sum                     :                  308
    14	se.avg.util_sum                              :               158890
    15	se.avg.load_avg                              :                    6
    16	se.avg.runnable_load_avg                     :                    6
    17	se.avg.util_avg                              :                    3
    18	se.avg.last_update_time                      :       54387755543552
    19	se.avg.util_est.ewma                         :                   96
    20	se.avg.util_est.enqueued                     :                    3
    21	policy                                       :                    0
    22	prio                                         :                  120
    23	clock-delta                                  :                   10
cat: /proc/10/task/24/stack: Permission denied
     1	Name:	sqlservr
     2	Umask:	0022
     3	State:	T (stopped)
     4	Tgid:	10
     5	Ngid:	0
     6	Pid:	24
     7	PPid:	1
     8	TracerPid:	0
     9	Uid:	10001	10001	10001	10001
    10	Gid:	0	0	0	0
    11	FDSize:	64
    12	Groups:	 
    13	NStgid:	10
    14	NSpid:	24
    15	NSpgid:	1
    16	NSsid:	1
    17	VmPeak:	  360728 kB
    18	VmSize:	  360600 kB
    19	VmLck:	       0 kB
    20	VmPin:	       0 kB
    21	VmHWM:	  112272 kB
    22	VmRSS:	  112248 kB
    23	RssAnon:	   99744 kB
    24	RssFile:	   12504 kB
    25	RssShmem:	       0 kB
    26	VmData:	  201080 kB
    27	VmStk:	     132 kB
    28	VmExe:	    2052 kB
    29	VmLib:	   22064 kB
    30	VmPTE:	     844 kB
    31	VmSwap:	       0 kB
    32	HugetlbPages:	       0 kB
    33	CoreDumping:	0
    34	Threads:	19
    35	SigQ:	2/50951
    36	SigPnd:	0000000000000000
    37	ShdPnd:	0000000000000200
    38	SigBlk:	0000000600005007
    39	SigIgn:	0000000000000000
    40	SigCgt:	00000001c1808ef8
    41	CapInh:	00000000a80425fb
    42	CapPrm:	0000000000000400
    43	CapEff:	0000000000000400
    44	CapBnd:	00000000a80425fb
    45	CapAmb:	0000000000000000
    46	NoNewPrivs:	0
    47	Seccomp:	2
    48	Speculation_Store_Bypass:	thread force mitigated
    49	Cpus_allowed:	fff
    50	Cpus_allowed_list:	0-11
    51	Mems_allowed:	1
    52	Mems_allowed_list:	0
    53	voluntary_ctxt_switches:	2
    54	nonvoluntary_ctxt_switches:	0
cat: /proc/10/task/25/io: Permission denied
     1	sqlservr (25, #threads: 19)
     2	-------------------------------------------------------------------
     3	se.exec_start                                :      54387755.546152
     4	se.vruntime                                  :           101.499508
     5	se.sum_exec_runtime                          :             0.119790
     6	se.nr_migrations                             :                    0
     7	nr_switches                                  :                    2
     8	nr_voluntary_switches                        :                    2
     9	nr_involuntary_switches                      :                    0
    10	se.load.weight                               :              1048576
    11	se.runnable_weight                           :              1048576
    12	se.avg.load_sum                              :                  311
    13	se.avg.runnable_load_sum                     :                  311
    14	se.avg.util_sum                              :                13967
    15	se.avg.load_avg                              :                    6
    16	se.avg.runnable_load_avg                     :                    6
    17	se.avg.util_avg                              :                    0
    18	se.avg.last_update_time                      :       54387755545600
    19	se.avg.util_est.ewma                         :                    0
    20	se.avg.util_est.enqueued                     :                    0
    21	policy                                       :                    0
    22	prio                                         :                  120
    23	clock-delta                                  :                   50
cat: /proc/10/task/25/stack: Permission denied
     1	Name:	sqlservr
     2	Umask:	0022
     3	State:	T (stopped)
     4	Tgid:	10
     5	Ngid:	0
     6	Pid:	25
     7	PPid:	1
     8	TracerPid:	0
     9	Uid:	10001	10001	10001	10001
    10	Gid:	0	0	0	0
    11	FDSize:	64
    12	Groups:	 
    13	NStgid:	10
    14	NSpid:	25
    15	NSpgid:	1
    16	NSsid:	1
    17	VmPeak:	  360728 kB
    18	VmSize:	  360600 kB
    19	VmLck:	       0 kB
    20	VmPin:	       0 kB
    21	VmHWM:	  112272 kB
    22	VmRSS:	  112248 kB
    23	RssAnon:	   99744 kB
    24	RssFile:	   12504 kB
    25	RssShmem:	       0 kB
    26	VmData:	  201080 kB
    27	VmStk:	     132 kB
    28	VmExe:	    2052 kB
    29	VmLib:	   22064 kB
    30	VmPTE:	     844 kB
    31	VmSwap:	       0 kB
    32	HugetlbPages:	       0 kB
    33	CoreDumping:	0
    34	Threads:	19
    35	SigQ:	2/50951
    36	SigPnd:	0000000000000000
    37	ShdPnd:	0000000000000200
    38	SigBlk:	0000000600005007
    39	SigIgn:	0000000000000000
    40	SigCgt:	00000001c1808ef8
    41	CapInh:	00000000a80425fb
    42	CapPrm:	0000000000000400
    43	CapEff:	0000000000000400
    44	CapBnd:	00000000a80425fb
    45	CapAmb:	0000000000000000
    46	NoNewPrivs:	0
    47	Seccomp:	2
    48	Speculation_Store_Bypass:	thread force mitigated
    49	Cpus_allowed:	fff
    50	Cpus_allowed_list:	0-11
    51	Mems_allowed:	1
    52	Mems_allowed_list:	0
    53	voluntary_ctxt_switches:	2
    54	nonvoluntary_ctxt_switches:	0
cat: /proc/10/task/26/io: Permission denied
     1	sqlservr (26, #threads: 19)
     2	-------------------------------------------------------------------
     3	se.exec_start                                :      54387755.553812
     4	se.vruntime                                  :            33.052602
     5	se.sum_exec_runtime                          :             0.149330
     6	se.nr_migrations                             :                    1
     7	nr_switches                                  :                    2
     8	nr_voluntary_switches                        :                    2
     9	nr_involuntary_switches                      :                    0
    10	se.load.weight                               :              1048576
    11	se.runnable_weight                           :              1048576
    12	se.avg.load_sum                              :                  287
    13	se.avg.runnable_load_sum                     :                  287
    14	se.avg.util_sum                              :                99762
    15	se.avg.load_avg                              :                    6
    16	se.avg.runnable_load_avg                     :                    6
    17	se.avg.util_avg                              :                    2
    18	se.avg.last_update_time                      :       54387755553792
    19	se.avg.util_est.ewma                         :                   71
    20	se.avg.util_est.enqueued                     :                    3
    21	policy                                       :                    0
    22	prio                                         :                  120
    23	clock-delta                                  :                   40
cat: /proc/10/task/26/stack: Permission denied
     1	Name:	sqlservr
     2	Umask:	0022
     3	State:	T (stopped)
     4	Tgid:	10
     5	Ngid:	0
     6	Pid:	26
     7	PPid:	1
     8	TracerPid:	0
     9	Uid:	10001	10001	10001	10001
    10	Gid:	0	0	0	0
    11	FDSize:	64
    12	Groups:	 
    13	NStgid:	10
    14	NSpid:	26
    15	NSpgid:	1
    16	NSsid:	1
    17	VmPeak:	  360728 kB
    18	VmSize:	  360600 kB
    19	VmLck:	       0 kB
    20	VmPin:	       0 kB
    21	VmHWM:	  112272 kB
    22	VmRSS:	  112248 kB
    23	RssAnon:	   99744 kB
    24	RssFile:	   12504 kB
    25	RssShmem:	       0 kB
    26	VmData:	  201080 kB
    27	VmStk:	     132 kB
    28	VmExe:	    2052 kB
    29	VmLib:	   22064 kB
    30	VmPTE:	     844 kB
    31	VmSwap:	       0 kB
    32	HugetlbPages:	       0 kB
    33	CoreDumping:	0
    34	Threads:	19
    35	SigQ:	2/50951
    36	SigPnd:	0000000000000000
    37	ShdPnd:	0000000000000200
    38	SigBlk:	0000000600005007
    39	SigIgn:	0000000000000000
    40	SigCgt:	00000001c1808ef8
    41	CapInh:	00000000a80425fb
    42	CapPrm:	0000000000000400
    43	CapEff:	0000000000000400
    44	CapBnd:	00000000a80425fb
    45	CapAmb:	0000000000000000
    46	NoNewPrivs:	0
    47	Seccomp:	2
    48	Speculation_Store_Bypass:	thread force mitigated
    49	Cpus_allowed:	fff
    50	Cpus_allowed_list:	0-11
    51	Mems_allowed:	1
    52	Mems_allowed_list:	0
    53	voluntary_ctxt_switches:	2
    54	nonvoluntary_ctxt_switches:	0
cat: /proc/10/task/27/io: Permission denied
     1	sqlservr (27, #threads: 19)
     2	-------------------------------------------------------------------
     3	se.exec_start                                :      54387755.546382
     4	se.vruntime                                  :            25.299466
     5	se.sum_exec_runtime                          :             0.391610
     6	se.nr_migrations                             :                    1
     7	nr_switches                                  :                    2
     8	nr_voluntary_switches                        :                    2
     9	nr_involuntary_switches                      :                    0
    10	se.load.weight                               :              1048576
    11	se.runnable_weight                           :              1048576
    12	se.avg.load_sum                              :                  282
    13	se.avg.runnable_load_sum                     :                  282
    14	se.avg.util_sum                              :                99756
    15	se.avg.load_avg                              :                    6
    16	se.avg.runnable_load_avg                     :                    6
    17	se.avg.util_avg                              :                    2
    18	se.avg.last_update_time                      :       54387755545600
    19	se.avg.util_est.ewma                         :                   88
    20	se.avg.util_est.enqueued                     :                    3
    21	policy                                       :                    0
    22	prio                                         :                  120
    23	clock-delta                                  :                   20
cat: /proc/10/task/27/stack: Permission denied
     1	Name:	sqlservr
     2	Umask:	0022
     3	State:	T (stopped)
     4	Tgid:	10
     5	Ngid:	0
     6	Pid:	27
     7	PPid:	1
     8	TracerPid:	0
     9	Uid:	10001	10001	10001	10001
    10	Gid:	0	0	0	0
    11	FDSize:	64
    12	Groups:	 
    13	NStgid:	10
    14	NSpid:	27
    15	NSpgid:	1
    16	NSsid:	1
    17	VmPeak:	  360728 kB
    18	VmSize:	  360600 kB
    19	VmLck:	       0 kB
    20	VmPin:	       0 kB
    21	VmHWM:	  112272 kB
    22	VmRSS:	  112248 kB
    23	RssAnon:	   99744 kB
    24	RssFile:	   12504 kB
    25	RssShmem:	       0 kB
    26	VmData:	  201080 kB
    27	VmStk:	     132 kB
    28	VmExe:	    2052 kB
    29	VmLib:	   22064 kB
    30	VmPTE:	     844 kB
    31	VmSwap:	       0 kB
    32	HugetlbPages:	       0 kB
    33	CoreDumping:	0
    34	Threads:	19
    35	SigQ:	2/50951
    36	SigPnd:	0000000000000000
    37	ShdPnd:	0000000000000200
    38	SigBlk:	0000000600005007
    39	SigIgn:	0000000000000000
    40	SigCgt:	00000001c1808ef8
    41	CapInh:	00000000a80425fb
    42	CapPrm:	0000000000000400
    43	CapEff:	0000000000000400
    44	CapBnd:	00000000a80425fb
    45	CapAmb:	0000000000000000
    46	NoNewPrivs:	0
    47	Seccomp:	2
    48	Speculation_Store_Bypass:	thread force mitigated
    49	Cpus_allowed:	fff
    50	Cpus_allowed_list:	0-11
    51	Mems_allowed:	1
    52	Mems_allowed_list:	0
    53	voluntary_ctxt_switches:	2
    54	nonvoluntary_ctxt_switches:	0
cat: /proc/10/task/28/io: Permission denied
     1	sqlservr (28, #threads: 19)
     2	-------------------------------------------------------------------
     3	se.exec_start                                :      54387755.546992
     4	se.vruntime                                  :            11.466136
     5	se.sum_exec_runtime                          :             0.198853
     6	se.nr_migrations                             :                    1
     7	nr_switches                                  :                    2
     8	nr_voluntary_switches                        :                    2
     9	nr_involuntary_switches                      :                    0
    10	se.load.weight                               :              1048576
    11	se.runnable_weight                           :              1048576
    12	se.avg.load_sum                              :                 4857
    13	se.avg.runnable_load_sum                     :                 4857
    14	se.avg.util_sum                              :              2372044
    15	se.avg.load_avg                              :                  105
    16	se.avg.runnable_load_avg                     :                  105
    17	se.avg.util_avg                              :                   50
    18	se.avg.last_update_time                      :       54387755546624
    19	se.avg.util_est.ewma                         :                  105
    20	se.avg.util_est.enqueued                     :                   51
    21	policy                                       :                    0
    22	prio                                         :                  120
    23	clock-delta                                  :                   50
cat: /proc/10/task/28/stack: Permission denied
     1	Name:	sqlservr
     2	Umask:	0022
     3	State:	T (stopped)
     4	Tgid:	10
     5	Ngid:	0
     6	Pid:	28
     7	PPid:	1
     8	TracerPid:	0
     9	Uid:	10001	10001	10001	10001
    10	Gid:	0	0	0	0
    11	FDSize:	64
    12	Groups:	 
    13	NStgid:	10
    14	NSpid:	28
    15	NSpgid:	1
    16	NSsid:	1
    17	VmPeak:	  360728 kB
    18	VmSize:	  360600 kB
    19	VmLck:	       0 kB
    20	VmPin:	       0 kB
    21	VmHWM:	  112272 kB
    22	VmRSS:	  112248 kB
    23	RssAnon:	   99744 kB
    24	RssFile:	   12504 kB
    25	RssShmem:	       0 kB
    26	VmData:	  201080 kB
    27	VmStk:	     132 kB
    28	VmExe:	    2052 kB
    29	VmLib:	   22064 kB
    30	VmPTE:	     844 kB
    31	VmSwap:	       0 kB
    32	HugetlbPages:	       0 kB
    33	CoreDumping:	0
    34	Threads:	19
    35	SigQ:	2/50951
    36	SigPnd:	0000000000000000
    37	ShdPnd:	0000000000000200
    38	SigBlk:	0000000600005007
    39	SigIgn:	0000000000000000
    40	SigCgt:	00000001c1808ef8
    41	CapInh:	00000000a80425fb
    42	CapPrm:	0000000000000400
    43	CapEff:	0000000000000400
    44	CapBnd:	00000000a80425fb
    45	CapAmb:	0000000000000000
    46	NoNewPrivs:	0
    47	Seccomp:	2
    48	Speculation_Store_Bypass:	thread force mitigated
    49	Cpus_allowed:	fff
    50	Cpus_allowed_list:	0-11
    51	Mems_allowed:	1
    52	Mems_allowed_list:	0
    53	voluntary_ctxt_switches:	2
    54	nonvoluntary_ctxt_switches:	0
